


 xxxxxxxxxxxxxxxx 
 xxxxxxxxxxxxxxxx 
 xxxxxxxxxxxxxxxx 
 xxxxxxxxxxxxxxxx 
 xxxxxxxxxxxxxxxx 
 xxxxxxxxxxxxxxxx 
 xxxxxxxxxxxxxxxx 
 xxxxxxxxxxxxxxxx 
 xxxxxxxxxxxxxxxx 
 xxxxxxxxxxxxxxxx 
 xxxxxxxxxxxxxxxx 
 xxxxxxxxxxxxxxxx 
 xxxxxxxxxxxxxxxx 
 xxxxxxxxxxxxxxxx 
 xxxxxxxxxxxxxxxx 
 xxxxxxxxxxxxxxxx



 0100110000011000 
 1111110111110001 
 1000110000011010 
 0011000001001010 
 0111111101111000 
 1001100111000010 
 0111100101000001 
 0000010100101111 
 1011100001110001 
 1100100111100010 
 0010011110111100 
 0000010110101001 
 1011100010010101 
 0100010010001011 
 0110110101100101 
 0011101000011011



 0100110000011000 
 1111110111110001 
 1000110000011010 
 0011000001001010 
 0111111101111000 
 1001100111000010 
 0111100101000001 
 0000010100101111 
 1011100001110001 
 1100100111100010 
 0010011110111100 
 0000010110101001 
 1011100010010101 
 0100010010001011 
 0110110101100101 
 0011101000011011



 0100110000011000 
 1111110111110001 
 1000110000011010 
 0011000001001010 
 0111111101111000 
 1001100111000010 
 0111100101000001 
 0000010100101111 
 1011100001110001 
 1100100111100010 
 0010011110111100 
 0000010110101001 
 1011100010010101 
 0100010010001011 
 0110110101100101 
 0011101000011011



 1100011011011000 
 1010000011000100 
 1000011000001011 
 0000000011000000 
 0100011100011000 
 1000000000010000 
 0110010101100001 
 0000011000001101 
 1011111100001001 
 1000100000000110 
 0100110000001110 
 0110010000100000 
 0111111010010101 
 1000011110111001 
 0100000111100000 
 0110101000111111



 1100000111101000 
 1000000011110110 
 0100000100000110 
 0000000010011100 
 0000001110111000 
 1010010110011000 
 0100010000111010 
 0000000010011101 
 0101000100001001 
 1010000000000001 
 1111110000001010 
 1000000000010000 
 1001000010000010 
 1001000000001010 
 1110000000000001 
 0110000110111110



 1100000100001100 
 1000000000010010 
 0000000100000000 
 0000001011100010 
 0000001000100000 
 0100010010000000 
 0100001111100010 
 0010000000100001 
 0110000000011101 
 1000000000000111 
 1011100000000000 
 1000000000000100 
 1100000000000100 
 1001000000000111 
 1001000000000001 
 1010000000011110



 1100000000001100 
 1100000000001100 
 0000000111100000 
 0000001011100000 
 0000011010100000 
 0000010010100000 
 0110001110100000 
 0010000110101101 
 0110000000011101 
 1000000000000101 
 1001000000000100 
 1011000000000000 
 1100000000001100 
 1010000000000101 
 1011000000000001 
 0100000000001110



 1100000000001100 
 1100000011011100 
 0000000100110000 
 0000011000010000 
 0000011010110000 
 0000010010110000 
 0110001000100000 
 0001001010100100 
 0110000000010001 
 1010000000000100 
 1011000000000010 
 1011000000001100 
 1001000000001110 
 1011000000001100 
 1011000000001001 
 0110000000000110



 1100000000010100 
 1100000011000100 
 0000001111000000 
 0000010001001000 
 0000100000001000 
 0000010000000000 
 0010011000100000 
 0001000101110000 
 0111000000001010 
 1000000000000010 
 1000000000001010 
 1000100000001000 
 1000100000010010 
 1000100000010000 
 1000000000001000 
 0111000000000110



 1100000000001000 
 1100000001101000 
 0000001100100000 
 0000011101000000 
 0000110000000000 
 0000111000000000 
 0000111001110000 
 0101101001110000 
 0111000000110100 
 1010000000000011 
 1100000000000000 
 1100000000011000 
 1101110000011000 
 1100000000011000 
 1011000000001100 
 0110000000000100



 1100000000010000 
 1100000001100000 
 0000010100110000 
 0000100110000000 
 0000000100000000 
 0001000000100000 
 0000000101010000 
 0100001000000000 
 1000100001011010 
 1001000000000010 
 0010000000000000 
 0000100000011000 
 0000100000100100 
 0000000000000000 
 1001000000010100 
 0111000000001100



 1100000000100000 
 1100000001000000 
 0000001100110000 
 0000000110000000 
 0000000110000000 
 0000000010100000 
 0000000000100000 
 0000000010011000 
 1100000000000100 
 0101000000000100 
 0001000000000000 
 0001000000011000 
 0000000000011000 
 0000000000001000 
 0101000000000100 
 0111000000001100



 1100000000000000 
 1100000001010000 
 0000001101100000 
 0000000001000000 
 0000000000000000 
 0000000110000000 
 0000000000100000 
 0000000000011000 
 1110000000000100 
 1100000000000000 
 0001100000001000 
 0000000000011000 
 0000000000000100 
 0000000000011100 
 0101000000000100 
 0101000000001100



 1100000000000000 
 1100000011000000 
 0000000001000000 
 0000000011100000 
 0000000010000000 
 0000000000000000 
 0000000000010000 
 0100000000011000 
 1010000000001000 
 1001000000000000 
 0000000000011000 
 0000000000011100 
 0000000000000100 
 0000000000000110 
 0000000000010010 
 0000000000001100



 1100000000000000 
 1100000011000000 
 0000000000000000 
 0000000010100000 
 0000000010000000 
 0000000000000000 
 0000000000011000 
 0100000000011000 
 1010000000011000 
 0100000000011000 
 0000000000010100 
 0000000000010100 
 0000000000000000 
 0000000000001110 
 0000000000000010 
 0000000000001100



 1100000000000000 
 1100000000000000 
 0000000010000000 
 0000000001000000 
 0000000001000000 
 0000000000000000 
 0000000000011000 
 0100000000100100 
 1010000000100100 
 0100000000100100 
 0000000000110100 
 0000000000000000 
 0000000000000010 
 0000000000000110 
 0000000000000010 
 0000000000000100



 1100000000000000 
 1100000000000000 
 0000000000000000 
 0000000011000000 
 0000000000000000 
 0000000000000000 
 0000000000011000 
 0100000000100100 
 1010000001111110 
 0100000001100110 
 0000000000111000 
 0000000000000000 
 0000000000000110 
 0000000000000111 
 0000000000000010 
 0000000000000000



 1100000000000000 
 1100000000000000 
 0000000000000000 
 0000000000000000 
 0000000000000000 
 0000000000000000 
 0000000000011000 
 0100000001000010 
 1010000000000000 
 0100000000000010 
 0000000001111100 
 0000000000011100 
 0000000000000101 
 0000000000000001 
 0000000000000111 
 0000000000000000



 1100000000000000 
 1100000000000000 
 0000000000000000 
 0000000000000000 
 0000000000000000 
 0000000000000000 
 0000000000000000 
 0100000000000000 
 1010000000000000 
 0100000000111100 
 0000000000100010 
 0000000000000000 
 0000000000000100 
 0000000000000101 
 0000000000000011 
 0000000000000010



 1100000000000000 
 1100000000000000 
 0000000000000000 
 0000000000000000 
 0000000000000000 
 0000000000000000 
 0000000000000000 
 0100000000000000 
 1010000000011000 
 0100000000111100 
 0000000000101100 
 0000000000000000 
 0000000000000010 
 0000000000000101 
 0000000000000101 
 0000000000000011



 1100000000000000 
 1100000000000000 
 0000000000000000 
 0000000000000000 
 0000000000000000 
 0000000000000000 
 0000000000000000 
 0100000000000000 
 1010000000100100 
 0100000000100000 
 0000000000100100 
 0000000000000100 
 0000000000000010 
 0000000000000101 
 0000000000000101 
 0000000000000011



 1100000000000000 
 1100000000000000 
 0000000000000000 
 0000000000000000 
 0000000000000000 
 0000000000000000 
 0000000000000000 
 0100000000000000 
 1010000000000000 
 0100000001110000 
 0000000000000000 
 0000000000000110 
 0000000000000110 
 0000000000000101 
 0000000000000101 
 0000000000000011



 1100000000000000 
 1100000000000000 
 0000000000000000 
 0000000000000000 
 0000000000000000 
 0000000000000000 
 0000000000000000 
 0100000000000000 
 1010000000100000 
 0100000000100000 
 0000000000100000 
 0000000000000110 
 0000000000001001 
 0000000000001101 
 0000000000000101 
 0000000000000011



 1100000000000000 
 1100000000000000 
 0000000000000000 
 0000000000000000 
 0000000000000000 
 0000000000000000 
 0000000000000000 
 0100000000000000 
 1010000000000000 
 0100000001110000 
 0000000000000000 
 0000000000000110 
 0000000000001001 
 0000000000001101 
 0000000000001101 
 0000000000000011



 1100000000000000 
 1100000000000000 
 0000000000000000 
 0000000000000000 
 0000000000000000 
 0000000000000000 
 0000000000000000 
 0100000000000000 
 1010000000100000 
 0100000000100000 
 0000000000100000 
 0000000000000110 
 0000000000001001 
 0000000000010001 
 0000000000001001 
 0000000000000111



 1100000000000000 
 1100000000000000 
 0000000000000000 
 0000000000000000 
 0000000000000000 
 0000000000000000 
 0000000000000000 
 0100000000000000 
 1010000000000000 
 0100000001110000 
 0000000000000000 
 0000000000000110 
 0000000000001101 
 0000000000011011 
 0000000000001101 
 0000000000000111



 1100000000000000 
 1100000000000000 
 0000000000000000 
 0000000000000000 
 0000000000000000 
 0000000000000000 
 0000000000000000 
 0100000000000000 
 1010000000100000 
 0100000000100000 
 0000000000100000 
 0000000000001110 
 0000000000010001 
 0000000000010001 
 0000000000010000 
 0000000000001101



 1100000000000000 
 1100000000000000 
 0000000000000000 
 0000000000000000 
 0000000000000000 
 0000000000000000 
 0000000000000000 
 0100000000000000 
 1010000000000000 
 0100000001110000 
 0000000000010100 
 0000000000011110 
 0000000000010101 
 0000000000111000 
 0000000000010010 
 0000000000001000



 1100000000000000 
 1100000000000000 
 0000000000000000 
 0000000000000000 
 0000000000000000 
 0000000000000000 
 0000000000000000 
 0100000000000000 
 1010000000100000 
 0100000000111000 
 0000000000000110 
 0000000000110000 
 0000000000000000 
 0000000000100110 
 0000000000100100 
 0000000000000000



 1100000000000000 
 1100000000000000 
 0000000000000000 
 0000000000000000 
 0000000000000000 
 0000000000000000 
 0000000000000000 
 0100000000000000 
 1010000000100000 
 0100000000111100 
 0000000000000100 
 0000000000000000 
 0000000000110000 
 0000000000000110 
 0000000000000110 
 0000000000000000



 1100000000000000 
 1100000000000000 
 0000000000000000 
 0000000000000000 
 0000000000000000 
 0000000000000000 
 0000000000000000 
 0100000000000000 
 1010000000101000 
 0100000000111100 
 0000000000010100 
 0000000000000000 
 0000000000000000 
 0000000000001110 
 0000000000000110 
 0000000000000000



 1100000000000000 
 1100000000000000 
 0000000000000000 
 0000000000000000 
 0000000000000000 
 0000000000000000 
 0000000000000000 
 0100000000000000 
 1010000000101100 
 0100000000100100 
 0000000000110100 
 0000000000000000 
 0000000000000100 
 0000000000001010 
 0000000000001010 
 0000000000000000



 1100000000000000 
 1100000000000000 
 0000000000000000 
 0000000000000000 
 0000000000000000 
 0000000000000000 
 0000000000000000 
 0100000000000000 
 1010000000011100 
 0100000001100110 
 0000000000111000 
 0000000000001000 
 0000000000000100 
 0000000000001010 
 0000000000000000 
 0000000000000000



 1100000000000000 
 1100000000000000 
 0000000000000000 
 0000000000000000 
 0000000000000000 
 0000000000000000 
 0000000000000000 
 0100000000001000 
 1010000000111110 
 0100000001000010 
 0000000001101000 
 0000000000001100 
 0000000000001100 
 0000000000000100 
 0000000000000000 
 0000000000000000



 1100000000000000 
 1100000000000000 
 0000000000000000 
 0000000000000000 
 0000000000000000 
 0000000000000000 
 0000000000000000 
 0100000000001000 
 1010000000111010 
 0100000001000010 
 0000000001111000 
 0000000000000000 
 0000000000000010 
 0000000000001100 
 0000000000000000 
 0000000000000000



 1100000000000000 
 1100000000000000 
 0000000000000000 
 0000000000000000 
 0000000000000000 
 0000000000000000 
 0000000000000000 
 0100000000001100 
 1010000000111000 
 0100000001000000 
 0000000001110000 
 0000000000110000 
 0000000000000100 
 0000000000000100 
 0000000000000000 
 0000000000000000



 1100000000000000 
 1100000000000000 
 0000000000000000 
 0000000000000000 
 0000000000000000 
 0000000000000000 
 0000000000000000 
 0100000000001100 
 1010000000111100 
 0100000001001000 
 0000000001010000 
 0000000001011000 
 0000000000001000 
 0000000000000000 
 0000000000000000 
 0000000000000000



 1100000000000000 
 1100000000000000 
 0000000000000000 
 0000000000000000 
 0000000000000000 
 0000000000000000 
 0000000000000000 
 0100000000000100 
 1010000000100000 
 0100000001000100 
 0000000011010000 
 0000000000011000 
 0000000000011000 
 0000000000000000 
 0000000000000000 
 0000000000000000



 1100000000000000 
 1100000000000000 
 0000000000000000 
 0000000000000000 
 0000000000000000 
 0000000000000000 
 0000000000000000 
 0100000000000000 
 1010000000000000 
 0100000011000000 
 0000000011010000 
 0000000000000000 
 0000000000011000 
 0000000000000000 
 0000000000000000 
 0000000000000000



 1100000000000000 
 1100000000000000 
 0000000000000000 
 0000000000000000 
 0000000000000000 
 0000000000000000 
 0000000000000000 
 0100000000000000 
 1010000000000000 
 0100000011100000 
 0000000011100000 
 0000000000111000 
 0000000000000000 
 0000000000000000 
 0000000000000000 
 0000000000000000



 1100000000000000 
 1100000000000000 
 0000000000000000 
 0000000000000000 
 0000000000000000 
 0000000000000000 
 0000000000000000 
 0100000000000000 
 1010000001000000 
 0100000010100000 
 0000000010000000 
 0000000000110000 
 0000000000010000 
 0000000000000000 
 0000000000000000 
 0000000000000000



 1100000000000000 
 1100000000000000 
 0000000000000000 
 0000000000000000 
 0000000000000000 
 0000000000000000 
 0000000000000000 
 0100000000000000 
 1010000001000000 
 0100000010000000 
 0000000000110000 
 0000000000110000 
 0000000000110000 
 0000000000000000 
 0000000000000000 
 0000000000000000



 1100000000000000 
 1100000000000000 
 0000000000000000 
 0000000000000000 
 0000000000000000 
 0000000000000000 
 0000000000000000 
 0100000000000000 
 1010000000000000 
 0100000001100000 
 0000000001110000 
 0000000001001000 
 0000000000110000 
 0000000000000000 
 0000000000000000 
 0000000000000000



 1100000000000000 
 1100000000000000 
 0000000000000000 
 0000000000000000 
 0000000000000000 
 0000000000000000 
 0000000000000000 
 0100000000000000 
 1010000000000000 
 0100000001010000 
 0000000010010000 
 0000000001001000 
 0000000000110000 
 0000000000000000 
 0000000000000000 
 0000000000000000



 1100000000000000 
 1100000000000000 
 0000000000000000 
 0000000000000000 
 0000000000000000 
 0000000000000000 
 0000000000000000 
 0100000000000000 
 1010000000000000 
 0100000000100000 
 0000000011011000 
 0000000001001000 
 0000000000110000 
 0000000000000000 
 0000000000000000 
 0000000000000000



 1100000000000000 
 1100000000000000 
 0000000000000000 
 0000000000000000 
 0000000000000000 
 0000000000000000 
 0000000000000000 
 0100000000000000 
 1010000000000000 
 0100000001110000 
 0000000011011000 
 0000000011001000 
 0000000000110000 
 0000000000000000 
 0000000000000000 
 0000000000000000



 1100000000000000 
 1100000000000000 
 0000000000000000 
 0000000000000000 
 0000000000000000 
 0000000000000000 
 0000000000000000 
 0100000000000000 
 1010000000100000 
 0100000011011000 
 0000000000001000 
 0000000010001000 
 0000000001110000 
 0000000000000000 
 0000000000000000 
 0000000000000000



 1100000000000000 
 1100000000000000 
 0000000000000000 
 0000000000000000 
 0000000000000000 
 0000000000000000 
 0000000000000000 
 0100000000000000 
 1010000001110000 
 0100000001111000 
 0000000011001100 
 0000000001101000 
 0000000001110000 
 0000000000100000 
 0000000000000000 
 0000000000000000



 1100000000000000 
 1100000000000000 
 0000000000000000 
 0000000000000000 
 0000000000000000 
 0000000000000000 
 0000000000000000 
 0100000000100000 
 1010000001001000 
 0100000000000100 
 0000000010000100 
 0000000000001100 
 0000000000000000 
 0000000001110000 
 0000000000000000 
 0000000000000000
