#-----------------------------------------------------------
# Vivado v2023.1.1 (64-bit)
# SW Build 3900603 on Fri Jun 16 19:31:24 MDT 2023
# IP Build 3900379 on Sat Jun 17 05:28:05 MDT 2023
# SharedData Build 3899622 on Fri Jun 16 03:34:24 MDT 2023
# Start of session at: Thu Dec  7 14:55:41 2023
# Process ID: 32160
# Current directory: C:/Users/verilla/Desktop/CodingFRpt4/Project/Vivado/Project
# Command line: vivado.exe -gui_launcher_event rodinguilauncherevent36880 C:\Users\verilla\Desktop\CodingFRpt4\Project\Vivado\Project\Project.xpr
# Log file: C:/Users/verilla/Desktop/CodingFRpt4/Project/Vivado/Project/vivado.log
# Journal file: C:/Users/verilla/Desktop/CodingFRpt4/Project/Vivado/Project\vivado.jou
# Running On: CEAT-ENDV350-06, OS: Windows, CPU Frequency: 2496 MHz, CPU Physical cores: 8, Host memory: 68431 MB
#-----------------------------------------------------------
start_gui
WARNING: [Board 49-26] cannot add Board Part xilinx.com:vek280_es:part0:1.0 available at C:/Xilinx/Vivado/2023.1/data/xhub/boards/XilinxBoardStore/boards/Xilinx/vek280/es/rev_a/1.0/board.xml as part xcve2802-vsvh1760-2lp-e-s-es1 specified in board_part file is either invalid or not available
WARNING: [Board 49-26] cannot add Board Part xilinx.com:vek280_es:part0:1.1 available at C:/Xilinx/Vivado/2023.1/data/xhub/boards/XilinxBoardStore/boards/Xilinx/vek280/es/rev_a/1.1/board.xml as part xcve2802-vsvh1760-2lp-e-s-es1 specified in board_part file is either invalid or not available
WARNING: [Board 49-26] cannot add Board Part xilinx.com:vek280_es_revb:part0:1.0 available at C:/Xilinx/Vivado/2023.1/data/xhub/boards/XilinxBoardStore/boards/Xilinx/vek280/es/rev_b/1.0/board.xml as part xcve2802-vsvh1760-2mp-e-s-es1 specified in board_part file is either invalid or not available
WARNING: [Board 49-26] cannot add Board Part xilinx.com:vek280_es_revb:part0:1.1 available at C:/Xilinx/Vivado/2023.1/data/xhub/boards/XilinxBoardStore/boards/Xilinx/vek280/es/rev_b/1.1/board.xml as part xcve2802-vsvh1760-2mp-e-s-es1 specified in board_part file is either invalid or not available
WARNING: [Board 49-26] cannot add Board Part xilinx.com:vhk158_es:part0:1.0 available at C:/Xilinx/Vivado/2023.1/data/xhub/boards/XilinxBoardStore/boards/Xilinx/vhk158/es/1.0/board.xml as part xcvh1582-vsva3697-2mp-e-s-es1 specified in board_part file is either invalid or not available
WARNING: [Board 49-26] cannot add Board Part xilinx.com:vhk158_es:part0:1.1 available at C:/Xilinx/Vivado/2023.1/data/xhub/boards/XilinxBoardStore/boards/Xilinx/vhk158/es/1.1/board.xml as part xcvh1582-vsva3697-2mp-e-s-es1 specified in board_part file is either invalid or not available
WARNING: [Board 49-26] cannot add Board Part xilinx.com:vpk120_es:part0:1.2 available at C:/Xilinx/Vivado/2023.1/data/xhub/boards/XilinxBoardStore/boards/Xilinx/vpk120/es/1.2/board.xml as part xcvp1202-vsva2785-2mp-e-s-es1 specified in board_part file is either invalid or not available
WARNING: [Board 49-26] cannot add Board Part xilinx.com:vpk120_es:part0:1.3 available at C:/Xilinx/Vivado/2023.1/data/xhub/boards/XilinxBoardStore/boards/Xilinx/vpk120/es/1.3/board.xml as part xcvp1202-vsva2785-2mp-e-s-es1 specified in board_part file is either invalid or not available
WARNING: [Board 49-26] cannot add Board Part xilinx.com:vpk120_es_revb:part0:1.0 available at C:/Xilinx/Vivado/2023.1/data/xhub/boards/XilinxBoardStore/boards/Xilinx/vpk120_revb/es/1.0/board.xml as part xcvp1202-vsva2785-2mp-e-s-es1 specified in board_part file is either invalid or not available
WARNING: [Board 49-26] cannot add Board Part xilinx.com:vpk120_es_revb:part0:1.1 available at C:/Xilinx/Vivado/2023.1/data/xhub/boards/XilinxBoardStore/boards/Xilinx/vpk120_revb/es/1.1/board.xml as part xcvp1202-vsva2785-2mp-e-s-es1 specified in board_part file is either invalid or not available
WARNING: [Board 49-26] cannot add Board Part xilinx.com:vpk180_es:part0:1.0 available at C:/Xilinx/Vivado/2023.1/data/xhub/boards/XilinxBoardStore/boards/Xilinx/vpk180/es/1.0/board.xml as part xcvp1802-lsvc4072-2mp-e-s-es1 specified in board_part file is either invalid or not available
WARNING: [Board 49-26] cannot add Board Part xilinx.com:vpk180_es:part0:1.1 available at C:/Xilinx/Vivado/2023.1/data/xhub/boards/XilinxBoardStore/boards/Xilinx/vpk180/es/1.1/board.xml as part xcvp1802-lsvc4072-2mp-e-s-es1 specified in board_part file is either invalid or not available
WARNING: [Board 49-26] cannot add Board Part xilinx.com:zcu208ld:part0:2.0 available at C:/Xilinx/Vivado/2023.1/data/xhub/boards/XilinxBoardStore/boards/Xilinx/zcu208ld/production/2.0/board.xml as part xczu58dr-fsvg1517-2-i specified in board_part file is either invalid or not available
WARNING: [Board 49-26] cannot add Board Part xilinx.com:zcu216ld:part0:2.0 available at C:/Xilinx/Vivado/2023.1/data/xhub/boards/XilinxBoardStore/boards/Xilinx/zcu216ld/production/2.0/board.xml as part xczu59dr-ffvf1760-2-i specified in board_part file is either invalid or not available
WARNING: [Board 49-26] cannot add Board Part xilinx.com:zcu670:part0:2.0 available at C:/Xilinx/Vivado/2023.1/data/xhub/boards/XilinxBoardStore/boards/Xilinx/zcu670/2.0/board.xml as part xczu67dr-fsve1156-2-i specified in board_part file is either invalid or not available
WARNING: [Board 49-26] cannot add Board Part xilinx.com:zcu670ld:part0:1.0 available at C:/Xilinx/Vivado/2023.1/data/xhub/boards/XilinxBoardStore/boards/Xilinx/zcu670ld/1.0/board.xml as part xczu57dr-fsve1156-2-i specified in board_part file is either invalid or not available
open_project C:/Users/verilla/Desktop/CodingFRpt4/Project/Vivado/Project/Project.xpr
INFO: [Project 1-313] Project file moved from '/home/rerra/Desktop/dldfall2022/Project/Vivado/Project' since last save.
CRITICAL WARNING: [Project 1-311] Could not find the file 'C:/Users/verilla/Desktop/CodingFRpt4/Project/Vivado/Project/Project.srcs/sources_1/imports/dldfall22proj/SV/all.sv', nor could it be found using path 'C:/home/rerra/Desktop/dldfall2022/Project/Vivado/Project/Project.srcs/sources_1/imports/dldfall22proj/SV/all.sv'.
CRITICAL WARNING: [Project 1-311] Could not find the file 'C:/Users/verilla/Desktop/Downloads/dldfall2022-main/Lab3/SV/clk_div.sv', nor could it be found using path 'C:/home/rerra/Desktop/Downloads/dldfall2022-main/Lab3/SV/clk_div.sv'.
CRITICAL WARNING: [Project 1-311] Could not find the file 'C:/Users/verilla/Desktop/CodingFRpt4/Project/Vivado/Project/Project.srcs/sources_1/imports/dldfall22proj/SV/datapath.sv', nor could it be found using path 'C:/home/rerra/Desktop/dldfall2022/Project/Vivado/Project/Project.srcs/sources_1/imports/dldfall22proj/SV/datapath.sv'.
CRITICAL WARNING: [Project 1-311] Could not find the file 'C:/Users/verilla/Desktop/CodingFRpt4/Project/Vivado/Project/Project.srcs/sources_1/imports/dldfall22proj/SV/fsm.sv', nor could it be found using path 'C:/home/rerra/Desktop/dldfall2022/Project/Vivado/Project/Project.srcs/sources_1/imports/dldfall22proj/SV/fsm.sv'.
CRITICAL WARNING: [Project 1-311] Could not find the file 'C:/Users/verilla/Desktop/CodingFRpt4/Project/Vivado/Project/Project.srcs/sources_1/imports/dldfall22proj/SV/mux.sv', nor could it be found using path 'C:/home/rerra/Desktop/dldfall2022/Project/Vivado/Project/Project.srcs/sources_1/imports/dldfall22proj/SV/mux.sv'.
CRITICAL WARNING: [Project 1-311] Could not find the file 'C:/Users/verilla/Desktop/CodingFRpt4/Project/Vivado/Project/Project.srcs/sources_1/imports/dldfall22proj/SV/register.sv', nor could it be found using path 'C:/home/rerra/Desktop/dldfall2022/Project/Vivado/Project/Project.srcs/sources_1/imports/dldfall22proj/SV/register.sv'.
CRITICAL WARNING: [Project 1-311] Could not find the file 'C:/Users/verilla/Desktop/CodingFRpt4/hdmi_files/hdmi_working/audio_clock_regeneration_packet.sv', nor could it be found using path 'C:/home/rerra/Desktop/dldfall2022/hdmi_files/hdmi_working/audio_clock_regeneration_packet.sv'.
CRITICAL WARNING: [Project 1-311] Could not find the file 'C:/Users/verilla/Desktop/CodingFRpt4/hdmi_files/hdmi_working/audio_info_frame.sv', nor could it be found using path 'C:/home/rerra/Desktop/dldfall2022/hdmi_files/hdmi_working/audio_info_frame.sv'.
CRITICAL WARNING: [Project 1-311] Could not find the file 'C:/Users/verilla/Desktop/CodingFRpt4/hdmi_files/hdmi_working/audio_sample_packet.sv', nor could it be found using path 'C:/home/rerra/Desktop/dldfall2022/hdmi_files/hdmi_working/audio_sample_packet.sv'.
CRITICAL WARNING: [Project 1-311] Could not find the file 'C:/Users/verilla/Desktop/CodingFRpt4/hdmi_files/hdmi_working/auxiliary_video_information_info_frame.sv', nor could it be found using path 'C:/home/rerra/Desktop/dldfall2022/hdmi_files/hdmi_working/auxiliary_video_information_info_frame.sv'.
CRITICAL WARNING: [Project 1-311] Could not find the file 'C:/Users/verilla/Desktop/CodingFRpt4/hdmi_files/hdmi_working/hdmi.sv', nor could it be found using path 'C:/home/rerra/Desktop/dldfall2022/hdmi_files/hdmi_working/hdmi.sv'.
CRITICAL WARNING: [Project 1-311] Could not find the file 'C:/Users/verilla/Desktop/CodingFRpt4/hdmi_files/hdmi_working/hdmi_top.sv', nor could it be found using path 'C:/home/rerra/Desktop/dldfall2022/hdmi_files/hdmi_working/hdmi_top.sv'.
CRITICAL WARNING: [Project 1-311] Could not find the file 'C:/Users/verilla/Desktop/CodingFRpt4/hdmi_files/hdmi_working/packet_assembler.sv', nor could it be found using path 'C:/home/rerra/Desktop/dldfall2022/hdmi_files/hdmi_working/packet_assembler.sv'.
CRITICAL WARNING: [Project 1-311] Could not find the file 'C:/Users/verilla/Desktop/CodingFRpt4/hdmi_files/hdmi_working/packet_picker.sv', nor could it be found using path 'C:/home/rerra/Desktop/dldfall2022/hdmi_files/hdmi_working/packet_picker.sv'.
CRITICAL WARNING: [Project 1-311] Could not find the file 'C:/Users/verilla/Desktop/CodingFRpt4/hdmi_files/hdmi_working/pll.sv', nor could it be found using path 'C:/home/rerra/Desktop/dldfall2022/hdmi_files/hdmi_working/pll.sv'.
CRITICAL WARNING: [Project 1-311] Could not find the file 'C:/Users/verilla/Desktop/CodingFRpt4/hdmi_files/hdmi_working/serializer.sv', nor could it be found using path 'C:/home/rerra/Desktop/dldfall2022/hdmi_files/hdmi_working/serializer.sv'.
CRITICAL WARNING: [Project 1-311] Could not find the file 'C:/Users/verilla/Desktop/CodingFRpt4/hdmi_files/hdmi_working/source_product_description_info_frame.sv', nor could it be found using path 'C:/home/rerra/Desktop/dldfall2022/hdmi_files/hdmi_working/source_product_description_info_frame.sv'.
CRITICAL WARNING: [Project 1-311] Could not find the file 'C:/Users/verilla/Desktop/CodingFRpt4/hdmi_files/hdmi_working/tmds_channel.sv', nor could it be found using path 'C:/home/rerra/Desktop/dldfall2022/hdmi_files/hdmi_working/tmds_channel.sv'.
CRITICAL WARNING: [Project 1-311] Could not find the file 'C:/Users/verilla/Desktop/CodingFRpt4/hdmi_files/hdmi_working/attributemap.sv', nor could it be found using path 'C:/home/rerra/Desktop/dldfall2022/hdmi_files/hdmi_working/attributemap.sv'.
CRITICAL WARNING: [Project 1-311] Could not find the file 'C:/Users/verilla/Desktop/CodingFRpt4/hdmi_files/hdmi_working/console.sv', nor could it be found using path 'C:/home/rerra/Desktop/dldfall2022/hdmi_files/hdmi_working/console.sv'.
CRITICAL WARNING: [Project 1-311] Could not find the file 'C:/Users/verilla/Desktop/CodingFRpt4/hdmi_files/hdmi_working/glyphmap.sv', nor could it be found using path 'C:/home/rerra/Desktop/dldfall2022/hdmi_files/hdmi_working/glyphmap.sv'.
CRITICAL WARNING: [Project 1-311] Could not find the file 'C:/Users/verilla/Downloads/hdmi_working/attributemap.sv', nor could it be found using path 'C:/home/rerra/Downloads/hdmi_working/attributemap.sv'.
CRITICAL WARNING: [Project 1-311] Could not find the file 'C:/Users/verilla/Downloads/hdmi_working/audio_clock_regeneration_packet.sv', nor could it be found using path 'C:/home/rerra/Downloads/hdmi_working/audio_clock_regeneration_packet.sv'.
CRITICAL WARNING: [Project 1-311] Could not find the file 'C:/Users/verilla/Downloads/hdmi_working/audio_info_frame.sv', nor could it be found using path 'C:/home/rerra/Downloads/hdmi_working/audio_info_frame.sv'.
CRITICAL WARNING: [Project 1-311] Could not find the file 'C:/Users/verilla/Downloads/hdmi_working/audio_sample_packet.sv', nor could it be found using path 'C:/home/rerra/Downloads/hdmi_working/audio_sample_packet.sv'.
CRITICAL WARNING: [Project 1-311] Could not find the file 'C:/Users/verilla/Downloads/hdmi_working/auxiliary_video_information_info_frame.sv', nor could it be found using path 'C:/home/rerra/Downloads/hdmi_working/auxiliary_video_information_info_frame.sv'.
CRITICAL WARNING: [Project 1-311] Could not find the file 'C:/Users/verilla/Downloads/hdmi_working/console.sv', nor could it be found using path 'C:/home/rerra/Downloads/hdmi_working/console.sv'.
CRITICAL WARNING: [Project 1-311] Could not find the file 'C:/Users/verilla/Downloads/hdmi_working/glyphmap.sv', nor could it be found using path 'C:/home/rerra/Downloads/hdmi_working/glyphmap.sv'.
CRITICAL WARNING: [Project 1-311] Could not find the file 'C:/Users/verilla/Downloads/hdmi_working/hdmi.sv', nor could it be found using path 'C:/home/rerra/Downloads/hdmi_working/hdmi.sv'.
CRITICAL WARNING: [Project 1-311] Could not find the file 'C:/Users/verilla/Downloads/hdmi_working/hdmi_top.sv', nor could it be found using path 'C:/home/rerra/Downloads/hdmi_working/hdmi_top.sv'.
CRITICAL WARNING: [Project 1-311] Could not find the file 'C:/Users/verilla/Downloads/hdmi_working/packet_assembler.sv', nor could it be found using path 'C:/home/rerra/Downloads/hdmi_working/packet_assembler.sv'.
CRITICAL WARNING: [Project 1-311] Could not find the file 'C:/Users/verilla/Downloads/hdmi_working/packet_picker.sv', nor could it be found using path 'C:/home/rerra/Downloads/hdmi_working/packet_picker.sv'.
CRITICAL WARNING: [Project 1-311] Could not find the file 'C:/Users/verilla/Downloads/hdmi_working/pll.sv', nor could it be found using path 'C:/home/rerra/Downloads/hdmi_working/pll.sv'.
CRITICAL WARNING: [Project 1-311] Could not find the file 'C:/Users/verilla/Downloads/hdmi_working/serializer.sv', nor could it be found using path 'C:/home/rerra/Downloads/hdmi_working/serializer.sv'.
CRITICAL WARNING: [Project 1-311] Could not find the file 'C:/Users/verilla/Downloads/hdmi_working/source_product_description_info_frame.sv', nor could it be found using path 'C:/home/rerra/Downloads/hdmi_working/source_product_description_info_frame.sv'.
CRITICAL WARNING: [Project 1-311] Could not find the file 'C:/Users/verilla/Downloads/hdmi_working/tmds_channel.sv', nor could it be found using path 'C:/home/rerra/Downloads/hdmi_working/tmds_channel.sv'.
CRITICAL WARNING: [Project 1-311] Could not find the file 'C:/Users/verilla/Desktop/CodingFRpt4/Project/Demo/archive_project_summary.txt', nor could it be found using path 'C:/home/rerra/Desktop/dldfall2022/Project/Demo/archive_project_summary.txt'.
Scanning sources...
Finished scanning sources
INFO: [Project 1-1877] Auto incremental dir location 'C:/Users/jstine/vivado/Demo/Demo.srcs/utils_1/imports/synth_1' of run 'synth_1' is not writable, setting it to default location 'C:/Users/verilla/Desktop/CodingFRpt4/Project/Vivado/Project/Project.srcs/utils_1/imports/synth_1'.
INFO: [Project 1-1877] Auto incremental dir location 'C:/Users/jstine/vivado/Demo/Demo.srcs/utils_1/imports/impl_1' of run 'impl_1' is not writable, setting it to default location 'C:/Users/verilla/Desktop/CodingFRpt4/Project/Vivado/Project/Project.srcs/utils_1/imports/impl_1'.
INFO: [Project 1-230] Project 'Project.xpr' upgraded for this version of Vivado.
INFO: [IP_Flow 19-234] Refreshing IP repositories
INFO: [IP_Flow 19-1704] No user IP repositories specified
INFO: [IP_Flow 19-2313] Loaded Vivado IP repository 'C:/Xilinx/Vivado/2023.1/data/ip'.
upgrade_project -migrate_output_products
update_compile_order -fileset sources_1
add_files -norecurse {C:/Users/verilla/Desktop/CodingFRpt4/Project/SV/datapath.sv C:/Users/verilla/Desktop/CodingFRpt4/Project/SV/flopenr.sv C:/Users/verilla/Desktop/CodingFRpt4/Project/SV/FSM.sv C:/Users/verilla/Desktop/CodingFRpt4/Project/SV/mux.sv}
update_compile_order -fileset sources_1
update_compile_order -fileset sources_1
synth_design -rtl -rtl_skip_mlo -name rtl_1
Command: synth_design -rtl -rtl_skip_mlo -name rtl_1
Starting synth_design
Using part: xc7z020clg484-1
Top: top_demo
INFO: [Device 21-403] Loading part xc7z020clg484-1
ERROR: [Synth 8-2716] syntax error near 'logic' [C:/Users/verilla/Desktop/CodingFRpt4/Project/SV/FSM.sv:9]
ERROR: [Synth 8-10307] SystemVerilog keyword 'logic' used in incorrect context [C:/Users/verilla/Desktop/CodingFRpt4/Project/SV/FSM.sv:9]
ERROR: [Synth 8-2716] syntax error near '}' [C:/Users/verilla/Desktop/CodingFRpt4/Project/SV/FSM.sv:9]
ERROR: [Synth 8-2716] syntax error near '(' [C:/Users/verilla/Desktop/CodingFRpt4/Project/SV/FSM.sv:21]
ERROR: [Synth 8-2716] syntax error near '=' [C:/Users/verilla/Desktop/CodingFRpt4/Project/SV/FSM.sv:27]
ERROR: [Synth 8-2716] syntax error near ')' [C:/Users/verilla/Desktop/CodingFRpt4/Project/SV/FSM.sv:27]
ERROR: [Synth 8-36] 'S0' is not declared [C:/Users/verilla/Desktop/CodingFRpt4/Project/SV/FSM.sv:12]
ERROR: [Synth 8-36] 'next_state' is not declared [C:/Users/verilla/Desktop/CodingFRpt4/Project/SV/FSM.sv:13]
ERROR: [Synth 8-36] 'S0' is not declared [C:/Users/verilla/Desktop/CodingFRpt4/Project/SV/FSM.sv:17]
ERROR: [Synth 8-36] 'next_state' is not declared [C:/Users/verilla/Desktop/CodingFRpt4/Project/SV/FSM.sv:20]
ERROR: [Synth 8-36] 'S0' is not declared [C:/Users/verilla/Desktop/CodingFRpt4/Project/SV/FSM.sv:20]
ERROR: [Synth 8-36] 'next_state' is not declared [C:/Users/verilla/Desktop/CodingFRpt4/Project/SV/FSM.sv:21]
ERROR: [Synth 8-36] 'next_state' is not declared [C:/Users/verilla/Desktop/CodingFRpt4/Project/SV/FSM.sv:26]
ERROR: [Synth 8-36] 'S0' is not declared [C:/Users/verilla/Desktop/CodingFRpt4/Project/SV/FSM.sv:26]
ERROR: [Synth 8-36] 'next_state' is not declared [C:/Users/verilla/Desktop/CodingFRpt4/Project/SV/FSM.sv:27]
ERROR: [Synth 8-36] 'next_state' is not declared [C:/Users/verilla/Desktop/CodingFRpt4/Project/SV/FSM.sv:32]
ERROR: [Synth 8-36] 'S0' is not declared [C:/Users/verilla/Desktop/CodingFRpt4/Project/SV/FSM.sv:32]
ERROR: [Synth 8-36] 'next_state' is not declared [C:/Users/verilla/Desktop/CodingFRpt4/Project/SV/FSM.sv:33]
ERROR: [Synth 8-36] 'next_state' is not declared [C:/Users/verilla/Desktop/CodingFRpt4/Project/SV/FSM.sv:34]
INFO: [Synth 8-10285] module 'FSM' is ignored due to previous errors [C:/Users/verilla/Desktop/CodingFRpt4/Project/SV/FSM.sv:40]
INFO: [Synth 8-9084] Verilog file 'C:/Users/verilla/Desktop/CodingFRpt4/Project/SV/FSM.sv' ignored due to errors
Failed to read verilog 'C:/Users/verilla/Desktop/CodingFRpt4/Project/SV/FSM.sv'
3 Infos, 0 Warnings, 0 Critical Warnings and 20 Errors encountered.
synth_design failed
ERROR: [Vivado_Tcl 4-5] Elaboration failed - please see the console for details
synth_design -rtl -rtl_skip_mlo -name rtl_1
Command: synth_design -rtl -rtl_skip_mlo -name rtl_1
Starting synth_design
Using part: xc7z020clg484-1
Top: top_demo
ERROR: [Synth 8-2716] syntax error near '(' [C:/Users/verilla/Desktop/CodingFRpt4/Project/SV/FSM.sv:21]
ERROR: [Synth 8-2716] syntax error near '=' [C:/Users/verilla/Desktop/CodingFRpt4/Project/SV/FSM.sv:27]
ERROR: [Synth 8-2716] syntax error near ')' [C:/Users/verilla/Desktop/CodingFRpt4/Project/SV/FSM.sv:27]
ERROR: [Synth 8-36] 'next_state' is not declared [C:/Users/verilla/Desktop/CodingFRpt4/Project/SV/FSM.sv:13]
ERROR: [Synth 8-36] 'next_state' is not declared [C:/Users/verilla/Desktop/CodingFRpt4/Project/SV/FSM.sv:20]
ERROR: [Synth 8-36] 'next_state' is not declared [C:/Users/verilla/Desktop/CodingFRpt4/Project/SV/FSM.sv:21]
ERROR: [Synth 8-36] 'next_state' is not declared [C:/Users/verilla/Desktop/CodingFRpt4/Project/SV/FSM.sv:26]
ERROR: [Synth 8-36] 'next_state' is not declared [C:/Users/verilla/Desktop/CodingFRpt4/Project/SV/FSM.sv:27]
ERROR: [Synth 8-36] 'next_state' is not declared [C:/Users/verilla/Desktop/CodingFRpt4/Project/SV/FSM.sv:32]
ERROR: [Synth 8-36] 'next_state' is not declared [C:/Users/verilla/Desktop/CodingFRpt4/Project/SV/FSM.sv:33]
ERROR: [Synth 8-36] 'next_state' is not declared [C:/Users/verilla/Desktop/CodingFRpt4/Project/SV/FSM.sv:34]
INFO: [Synth 8-10285] module 'FSM' is ignored due to previous errors [C:/Users/verilla/Desktop/CodingFRpt4/Project/SV/FSM.sv:40]
INFO: [Synth 8-9084] Verilog file 'C:/Users/verilla/Desktop/CodingFRpt4/Project/SV/FSM.sv' ignored due to errors
Failed to read verilog 'C:/Users/verilla/Desktop/CodingFRpt4/Project/SV/FSM.sv'
2 Infos, 0 Warnings, 0 Critical Warnings and 12 Errors encountered.
synth_design failed
ERROR: [Vivado_Tcl 4-5] Elaboration failed - please see the console for details
synth_design -rtl -rtl_skip_mlo -name rtl_1
Command: synth_design -rtl -rtl_skip_mlo -name rtl_1
Starting synth_design
Using part: xc7z020clg484-1
Top: top_demo
ERROR: [Synth 8-2716] syntax error near '(' [C:/Users/verilla/Desktop/CodingFRpt4/Project/SV/FSM.sv:21]
ERROR: [Synth 8-2716] syntax error near '=' [C:/Users/verilla/Desktop/CodingFRpt4/Project/SV/FSM.sv:27]
ERROR: [Synth 8-2716] syntax error near ')' [C:/Users/verilla/Desktop/CodingFRpt4/Project/SV/FSM.sv:27]
ERROR: [Synth 8-36] 'next_state' is not declared [C:/Users/verilla/Desktop/CodingFRpt4/Project/SV/FSM.sv:13]
ERROR: [Synth 8-36] 'next_state' is not declared [C:/Users/verilla/Desktop/CodingFRpt4/Project/SV/FSM.sv:20]
ERROR: [Synth 8-36] 'next_state' is not declared [C:/Users/verilla/Desktop/CodingFRpt4/Project/SV/FSM.sv:21]
ERROR: [Synth 8-36] 'next_state' is not declared [C:/Users/verilla/Desktop/CodingFRpt4/Project/SV/FSM.sv:26]
ERROR: [Synth 8-36] 'next_state' is not declared [C:/Users/verilla/Desktop/CodingFRpt4/Project/SV/FSM.sv:27]
ERROR: [Synth 8-36] 'next_state' is not declared [C:/Users/verilla/Desktop/CodingFRpt4/Project/SV/FSM.sv:32]
ERROR: [Synth 8-36] 'next_state' is not declared [C:/Users/verilla/Desktop/CodingFRpt4/Project/SV/FSM.sv:33]
ERROR: [Synth 8-36] 'next_state' is not declared [C:/Users/verilla/Desktop/CodingFRpt4/Project/SV/FSM.sv:34]
INFO: [Synth 8-10285] module 'FSM' is ignored due to previous errors [C:/Users/verilla/Desktop/CodingFRpt4/Project/SV/FSM.sv:40]
INFO: [Synth 8-9084] Verilog file 'C:/Users/verilla/Desktop/CodingFRpt4/Project/SV/FSM.sv' ignored due to errors
Failed to read verilog 'C:/Users/verilla/Desktop/CodingFRpt4/Project/SV/FSM.sv'
2 Infos, 0 Warnings, 0 Critical Warnings and 12 Errors encountered.
synth_design failed
ERROR: [Vivado_Tcl 4-5] Elaboration failed - please see the console for details
synth_design -rtl -rtl_skip_mlo -name rtl_1
Command: synth_design -rtl -rtl_skip_mlo -name rtl_1
Starting synth_design
Using part: xc7z020clg484-1
Top: top_demo
ERROR: [Synth 8-2716] syntax error near '(' [C:/Users/verilla/Desktop/CodingFRpt4/Project/SV/FSM.sv:21]
ERROR: [Synth 8-2716] syntax error near '=' [C:/Users/verilla/Desktop/CodingFRpt4/Project/SV/FSM.sv:27]
ERROR: [Synth 8-2716] syntax error near ')' [C:/Users/verilla/Desktop/CodingFRpt4/Project/SV/FSM.sv:27]
ERROR: [Synth 8-36] 'next_state' is not declared [C:/Users/verilla/Desktop/CodingFRpt4/Project/SV/FSM.sv:13]
ERROR: [Synth 8-36] 'next_state' is not declared [C:/Users/verilla/Desktop/CodingFRpt4/Project/SV/FSM.sv:20]
ERROR: [Synth 8-36] 'next_state' is not declared [C:/Users/verilla/Desktop/CodingFRpt4/Project/SV/FSM.sv:21]
ERROR: [Synth 8-36] 'next_state' is not declared [C:/Users/verilla/Desktop/CodingFRpt4/Project/SV/FSM.sv:26]
ERROR: [Synth 8-36] 'next_state' is not declared [C:/Users/verilla/Desktop/CodingFRpt4/Project/SV/FSM.sv:27]
ERROR: [Synth 8-36] 'next_state' is not declared [C:/Users/verilla/Desktop/CodingFRpt4/Project/SV/FSM.sv:32]
ERROR: [Synth 8-36] 'next_state' is not declared [C:/Users/verilla/Desktop/CodingFRpt4/Project/SV/FSM.sv:33]
ERROR: [Synth 8-36] 'next_state' is not declared [C:/Users/verilla/Desktop/CodingFRpt4/Project/SV/FSM.sv:34]
INFO: [Synth 8-10285] module 'FSM' is ignored due to previous errors [C:/Users/verilla/Desktop/CodingFRpt4/Project/SV/FSM.sv:40]
INFO: [Synth 8-9084] Verilog file 'C:/Users/verilla/Desktop/CodingFRpt4/Project/SV/FSM.sv' ignored due to errors
Failed to read verilog 'C:/Users/verilla/Desktop/CodingFRpt4/Project/SV/FSM.sv'
2 Infos, 0 Warnings, 0 Critical Warnings and 12 Errors encountered.
synth_design failed
ERROR: [Vivado_Tcl 4-5] Elaboration failed - please see the console for details
synth_design -rtl -rtl_skip_mlo -name rtl_1
Command: synth_design -rtl -rtl_skip_mlo -name rtl_1
Starting synth_design
Using part: xc7z020clg484-1
Top: top_demo
ERROR: [Synth 8-2716] syntax error near '(' [C:/Users/verilla/Desktop/CodingFRpt4/Project/SV/FSM.sv:21]
ERROR: [Synth 8-2716] syntax error near '=' [C:/Users/verilla/Desktop/CodingFRpt4/Project/SV/FSM.sv:27]
ERROR: [Synth 8-2716] syntax error near ')' [C:/Users/verilla/Desktop/CodingFRpt4/Project/SV/FSM.sv:27]
ERROR: [Synth 8-36] 'next_state' is not declared [C:/Users/verilla/Desktop/CodingFRpt4/Project/SV/FSM.sv:26]
INFO: [Synth 8-10285] module 'FSM' is ignored due to previous errors [C:/Users/verilla/Desktop/CodingFRpt4/Project/SV/FSM.sv:40]
INFO: [Synth 8-9084] Verilog file 'C:/Users/verilla/Desktop/CodingFRpt4/Project/SV/FSM.sv' ignored due to errors
Failed to read verilog 'C:/Users/verilla/Desktop/CodingFRpt4/Project/SV/FSM.sv'
2 Infos, 0 Warnings, 0 Critical Warnings and 5 Errors encountered.
synth_design failed
ERROR: [Vivado_Tcl 4-5] Elaboration failed - please see the console for details
synth_design -rtl -rtl_skip_mlo -name rtl_1
Command: synth_design -rtl -rtl_skip_mlo -name rtl_1
Starting synth_design
Using part: xc7z020clg484-1
Top: top_demo
WARNING: [Synth 8-11014] non-net output port 'clk_audio_counter_wrap' cannot be initialized at declaration in SystemVerilog mode [C:/Users/verilla/Desktop/CodingFRpt4/Project/Vivado/Project/Project.srcs/sources_1/imports/dldfall22proj/ProjectHDMI/hdmi_working/audio_clock_regeneration_packet.sv:13]
ERROR: [Synth 8-2716] syntax error near 'input' [C:/Users/verilla/Desktop/CodingFRpt4/Project/SV/datapath.sv:379]
ERROR: [Synth 8-10307] SystemVerilog keyword 'input' used in incorrect context [C:/Users/verilla/Desktop/CodingFRpt4/Project/SV/datapath.sv:379]
INFO: [Synth 8-11241] undeclared symbol 'reset', assumed default net type 'wire' [C:/Users/verilla/Desktop/CodingFRpt4/Project/SV/datapath.sv:383]
INFO: [Synth 8-11241] undeclared symbol 'en', assumed default net type 'wire' [C:/Users/verilla/Desktop/CodingFRpt4/Project/SV/datapath.sv:383]
INFO: [Synth 8-11241] undeclared symbol 'rst', assumed default net type 'wire' [C:/Users/verilla/Desktop/CodingFRpt4/Project/SV/datapath.sv:383]
INFO: [Synth 8-11241] undeclared symbol 'outputY', assumed default net type 'wire' [C:/Users/verilla/Desktop/CodingFRpt4/Project/SV/datapath.sv:384]
ERROR: [Synth 8-10992] no definition could be found for port 'reset' [C:/Users/verilla/Desktop/CodingFRpt4/Project/SV/datapath.sv:376]
INFO: [Synth 8-10285] module 'New_Datapath' is ignored due to previous errors [C:/Users/verilla/Desktop/CodingFRpt4/Project/SV/datapath.sv:390]
INFO: [Synth 8-9084] Verilog file 'C:/Users/verilla/Desktop/CodingFRpt4/Project/SV/datapath.sv' ignored due to errors
Failed to read verilog 'C:/Users/verilla/Desktop/CodingFRpt4/Project/SV/datapath.sv'
6 Infos, 1 Warnings, 0 Critical Warnings and 4 Errors encountered.
synth_design failed
ERROR: [Vivado_Tcl 4-5] Elaboration failed - please see the console for details
update_compile_order -fileset sources_1
update_compile_order -fileset sources_1
synth_design -rtl -rtl_skip_mlo -name rtl_1
Command: synth_design -rtl -rtl_skip_mlo -name rtl_1
Starting synth_design
Using part: xc7z020clg484-1
Top: top_demo
WARNING: [Synth 8-11014] non-net output port 'clk_audio_counter_wrap' cannot be initialized at declaration in SystemVerilog mode [C:/Users/verilla/Desktop/CodingFRpt4/Project/Vivado/Project/Project.srcs/sources_1/imports/dldfall22proj/ProjectHDMI/hdmi_working/audio_clock_regeneration_packet.sv:13]
INFO: [Synth 8-11241] undeclared symbol 'en', assumed default net type 'wire' [C:/Users/verilla/Desktop/CodingFRpt4/Project/SV/datapath.sv:383]
INFO: [Synth 8-11241] undeclared symbol 'rst', assumed default net type 'wire' [C:/Users/verilla/Desktop/CodingFRpt4/Project/SV/datapath.sv:383]
INFO: [Synth 8-11241] undeclared symbol 'outputY', assumed default net type 'wire' [C:/Users/verilla/Desktop/CodingFRpt4/Project/SV/datapath.sv:384]
WARNING: [Synth 8-11014] non-net output port 'cx' cannot be initialized at declaration in SystemVerilog mode [C:/Users/verilla/Desktop/CodingFRpt4/Project/Vivado/Project/Project.srcs/sources_1/imports/dldfall22proj/ProjectHDMI/hdmi_working/hdmi.sv:81]
WARNING: [Synth 8-11014] non-net output port 'cy' cannot be initialized at declaration in SystemVerilog mode [C:/Users/verilla/Desktop/CodingFRpt4/Project/Vivado/Project/Project.srcs/sources_1/imports/dldfall22proj/ProjectHDMI/hdmi_working/hdmi.sv:82]
WARNING: [Synth 8-11014] non-net output port 'counter' cannot be initialized at declaration in SystemVerilog mode [C:/Users/verilla/Desktop/CodingFRpt4/Project/Vivado/Project/Project.srcs/sources_1/imports/dldfall22proj/ProjectHDMI/hdmi_working/packet_assembler.sv:11]
WARNING: [Synth 8-9661] initial value of parameter 'VIDEO_RATE' is omitted [C:/Users/verilla/Desktop/CodingFRpt4/Project/Vivado/Project/Project.srcs/sources_1/imports/dldfall22proj/ProjectHDMI/hdmi_working/serializer.sv:4]
WARNING: [Synth 8-11014] non-net output port 'tmds' cannot be initialized at declaration in SystemVerilog mode [C:/Users/verilla/Desktop/CodingFRpt4/Project/Vivado/Project/Project.srcs/sources_1/imports/dldfall22proj/ProjectHDMI/hdmi_working/tmds_channel.sv:16]
INFO: [Synth 8-11241] undeclared symbol 'n2', assumed default net type 'wire' [C:/Users/verilla/Desktop/CodingFRpt4/Project/Vivado/Project/Project.srcs/sources_1/new/top_demo.sv:66]
---------------------------------------------------------------------------------
Starting RTL Elaboration : Time (s): cpu = 00:00:04 ; elapsed = 00:00:04 . Memory (MB): peak = 3252.500 ; gain = 25.711
---------------------------------------------------------------------------------
INFO: [Synth 8-6157] synthesizing module 'top_demo' [C:/Users/verilla/Desktop/CodingFRpt4/Project/Vivado/Project/Project.srcs/sources_1/new/top_demo.sv:23]
ERROR: [Synth 8-439] module 'New_datapath' not found [C:/Users/verilla/Desktop/CodingFRpt4/Project/Vivado/Project/Project.srcs/sources_1/new/top_demo.sv:62]
ERROR: [Synth 8-6156] failed synthesizing module 'top_demo' [C:/Users/verilla/Desktop/CodingFRpt4/Project/Vivado/Project/Project.srcs/sources_1/new/top_demo.sv:23]
---------------------------------------------------------------------------------
Finished RTL Elaboration : Time (s): cpu = 00:00:05 ; elapsed = 00:00:05 . Memory (MB): peak = 3322.160 ; gain = 95.371
---------------------------------------------------------------------------------
RTL Elaboration failed
5 Infos, 6 Warnings, 0 Critical Warnings and 3 Errors encountered.
synth_design failed
ERROR: [Vivado_Tcl 4-5] Elaboration failed - please see the console for details
synth_design -rtl -rtl_skip_mlo -name rtl_1
Command: synth_design -rtl -rtl_skip_mlo -name rtl_1
Starting synth_design
Using part: xc7z020clg484-1
Top: top_demo
WARNING: [Synth 8-11014] non-net output port 'clk_audio_counter_wrap' cannot be initialized at declaration in SystemVerilog mode [C:/Users/verilla/Desktop/CodingFRpt4/Project/Vivado/Project/Project.srcs/sources_1/imports/dldfall22proj/ProjectHDMI/hdmi_working/audio_clock_regeneration_packet.sv:13]
INFO: [Synth 8-11241] undeclared symbol 'en', assumed default net type 'wire' [C:/Users/verilla/Desktop/CodingFRpt4/Project/SV/datapath.sv:383]
INFO: [Synth 8-11241] undeclared symbol 'rst', assumed default net type 'wire' [C:/Users/verilla/Desktop/CodingFRpt4/Project/SV/datapath.sv:383]
INFO: [Synth 8-11241] undeclared symbol 'outputY', assumed default net type 'wire' [C:/Users/verilla/Desktop/CodingFRpt4/Project/SV/datapath.sv:384]
WARNING: [Synth 8-11014] non-net output port 'cx' cannot be initialized at declaration in SystemVerilog mode [C:/Users/verilla/Desktop/CodingFRpt4/Project/Vivado/Project/Project.srcs/sources_1/imports/dldfall22proj/ProjectHDMI/hdmi_working/hdmi.sv:81]
WARNING: [Synth 8-11014] non-net output port 'cy' cannot be initialized at declaration in SystemVerilog mode [C:/Users/verilla/Desktop/CodingFRpt4/Project/Vivado/Project/Project.srcs/sources_1/imports/dldfall22proj/ProjectHDMI/hdmi_working/hdmi.sv:82]
WARNING: [Synth 8-11014] non-net output port 'counter' cannot be initialized at declaration in SystemVerilog mode [C:/Users/verilla/Desktop/CodingFRpt4/Project/Vivado/Project/Project.srcs/sources_1/imports/dldfall22proj/ProjectHDMI/hdmi_working/packet_assembler.sv:11]
WARNING: [Synth 8-9661] initial value of parameter 'VIDEO_RATE' is omitted [C:/Users/verilla/Desktop/CodingFRpt4/Project/Vivado/Project/Project.srcs/sources_1/imports/dldfall22proj/ProjectHDMI/hdmi_working/serializer.sv:4]
WARNING: [Synth 8-11014] non-net output port 'tmds' cannot be initialized at declaration in SystemVerilog mode [C:/Users/verilla/Desktop/CodingFRpt4/Project/Vivado/Project/Project.srcs/sources_1/imports/dldfall22proj/ProjectHDMI/hdmi_working/tmds_channel.sv:16]
INFO: [Synth 8-11241] undeclared symbol 'n2', assumed default net type 'wire' [C:/Users/verilla/Desktop/CodingFRpt4/Project/Vivado/Project/Project.srcs/sources_1/new/top_demo.sv:66]
---------------------------------------------------------------------------------
Starting RTL Elaboration : Time (s): cpu = 00:00:04 ; elapsed = 00:00:03 . Memory (MB): peak = 3345.766 ; gain = 19.922
---------------------------------------------------------------------------------
INFO: [Synth 8-6157] synthesizing module 'top_demo' [C:/Users/verilla/Desktop/CodingFRpt4/Project/Vivado/Project/Project.srcs/sources_1/new/top_demo.sv:23]
INFO: [Synth 8-6157] synthesizing module 'New_Datapath' [C:/Users/verilla/Desktop/CodingFRpt4/Project/SV/datapath.sv:376]
INFO: [Synth 8-6157] synthesizing module 'FSM' [C:/Users/verilla/Desktop/CodingFRpt4/Project/SV/FSM.sv:3]
INFO: [Synth 8-155] case statement is not full and has no default [C:/Users/verilla/Desktop/CodingFRpt4/Project/SV/FSM.sv:16]
INFO: [Synth 8-6155] done synthesizing module 'FSM' (0#1) [C:/Users/verilla/Desktop/CodingFRpt4/Project/SV/FSM.sv:3]
INFO: [Synth 8-6157] synthesizing module 'mux2' [C:/Users/verilla/Desktop/CodingFRpt4/Project/SV/mux.sv:29]
	Parameter WIDTH bound to: 256 - type: integer 
INFO: [Synth 8-6155] done synthesizing module 'mux2' (0#1) [C:/Users/verilla/Desktop/CodingFRpt4/Project/SV/mux.sv:29]
WARNING: [Synth 8-689] width (1) of port connection 'y' does not match port width (256) of module 'mux2' [C:/Users/verilla/Desktop/CodingFRpt4/Project/SV/datapath.sv:384]
INFO: [Synth 8-6157] synthesizing module 'datapath' [C:/Users/verilla/Desktop/CodingFRpt4/Project/SV/datapath.sv:7]
INFO: [Synth 8-6157] synthesizing module 'evolve3' [C:/Users/verilla/Desktop/CodingFRpt4/Project/SV/datapath.sv:307]
INFO: [Synth 8-6157] synthesizing module 'rules' [C:/Users/verilla/Desktop/CodingFRpt4/Project/SV/datapath.sv:366]
INFO: [Synth 8-6155] done synthesizing module 'rules' (0#1) [C:/Users/verilla/Desktop/CodingFRpt4/Project/SV/datapath.sv:366]
INFO: [Synth 8-6155] done synthesizing module 'evolve3' (0#1) [C:/Users/verilla/Desktop/CodingFRpt4/Project/SV/datapath.sv:307]
INFO: [Synth 8-6157] synthesizing module 'evolve5' [C:/Users/verilla/Desktop/CodingFRpt4/Project/SV/datapath.sv:322]
INFO: [Synth 8-6155] done synthesizing module 'evolve5' (0#1) [C:/Users/verilla/Desktop/CodingFRpt4/Project/SV/datapath.sv:322]
INFO: [Synth 8-6157] synthesizing module 'evolve8' [C:/Users/verilla/Desktop/CodingFRpt4/Project/SV/datapath.sv:341]
INFO: [Synth 8-6155] done synthesizing module 'evolve8' (0#1) [C:/Users/verilla/Desktop/CodingFRpt4/Project/SV/datapath.sv:341]
ERROR: [Synth 8-349] instance 'e8_1' of module 'evolve5' passed 10 connections, but takes just 7 [C:/Users/verilla/Desktop/CodingFRpt4/Project/SV/datapath.sv:85]
ERROR: [Synth 8-349] instance 'e8_1' of module 'evolve5' passed 10 connections, but takes just 7 [C:/Users/verilla/Desktop/CodingFRpt4/Project/SV/datapath.sv:85]
ERROR: [Synth 8-349] instance 'e8_1' of module 'evolve5' passed 10 connections, but takes just 7 [C:/Users/verilla/Desktop/CodingFRpt4/Project/SV/datapath.sv:85]
ERROR: [Synth 8-349] instance 'e8_2' of module 'evolve5' passed 10 connections, but takes just 7 [C:/Users/verilla/Desktop/CodingFRpt4/Project/SV/datapath.sv:86]
ERROR: [Synth 8-349] instance 'e8_2' of module 'evolve5' passed 10 connections, but takes just 7 [C:/Users/verilla/Desktop/CodingFRpt4/Project/SV/datapath.sv:86]
ERROR: [Synth 8-349] instance 'e8_2' of module 'evolve5' passed 10 connections, but takes just 7 [C:/Users/verilla/Desktop/CodingFRpt4/Project/SV/datapath.sv:86]
ERROR: [Synth 8-349] instance 'e8_3' of module 'evolve5' passed 10 connections, but takes just 7 [C:/Users/verilla/Desktop/CodingFRpt4/Project/SV/datapath.sv:87]
ERROR: [Synth 8-349] instance 'e8_3' of module 'evolve5' passed 10 connections, but takes just 7 [C:/Users/verilla/Desktop/CodingFRpt4/Project/SV/datapath.sv:87]
ERROR: [Synth 8-349] instance 'e8_3' of module 'evolve5' passed 10 connections, but takes just 7 [C:/Users/verilla/Desktop/CodingFRpt4/Project/SV/datapath.sv:87]
ERROR: [Synth 8-349] instance 'e8_4' of module 'evolve5' passed 10 connections, but takes just 7 [C:/Users/verilla/Desktop/CodingFRpt4/Project/SV/datapath.sv:88]
ERROR: [Synth 8-349] instance 'e8_4' of module 'evolve5' passed 10 connections, but takes just 7 [C:/Users/verilla/Desktop/CodingFRpt4/Project/SV/datapath.sv:88]
ERROR: [Synth 8-349] instance 'e8_4' of module 'evolve5' passed 10 connections, but takes just 7 [C:/Users/verilla/Desktop/CodingFRpt4/Project/SV/datapath.sv:88]
ERROR: [Synth 8-349] instance 'e8_5' of module 'evolve5' passed 10 connections, but takes just 7 [C:/Users/verilla/Desktop/CodingFRpt4/Project/SV/datapath.sv:89]
ERROR: [Synth 8-349] instance 'e8_5' of module 'evolve5' passed 10 connections, but takes just 7 [C:/Users/verilla/Desktop/CodingFRpt4/Project/SV/datapath.sv:89]
ERROR: [Synth 8-349] instance 'e8_5' of module 'evolve5' passed 10 connections, but takes just 7 [C:/Users/verilla/Desktop/CodingFRpt4/Project/SV/datapath.sv:89]
ERROR: [Synth 8-349] instance 'e8_6' of module 'evolve5' passed 10 connections, but takes just 7 [C:/Users/verilla/Desktop/CodingFRpt4/Project/SV/datapath.sv:90]
ERROR: [Synth 8-349] instance 'e8_6' of module 'evolve5' passed 10 connections, but takes just 7 [C:/Users/verilla/Desktop/CodingFRpt4/Project/SV/datapath.sv:90]
ERROR: [Synth 8-349] instance 'e8_6' of module 'evolve5' passed 10 connections, but takes just 7 [C:/Users/verilla/Desktop/CodingFRpt4/Project/SV/datapath.sv:90]
ERROR: [Synth 8-349] instance 'e9_0' of module 'evolve5' passed 10 connections, but takes just 7 [C:/Users/verilla/Desktop/CodingFRpt4/Project/SV/datapath.sv:93]
ERROR: [Synth 8-349] instance 'e9_0' of module 'evolve5' passed 10 connections, but takes just 7 [C:/Users/verilla/Desktop/CodingFRpt4/Project/SV/datapath.sv:93]
ERROR: [Synth 8-349] instance 'e9_0' of module 'evolve5' passed 10 connections, but takes just 7 [C:/Users/verilla/Desktop/CodingFRpt4/Project/SV/datapath.sv:93]
ERROR: [Synth 8-349] instance 'e10_0' of module 'evolve5' passed 10 connections, but takes just 7 [C:/Users/verilla/Desktop/CodingFRpt4/Project/SV/datapath.sv:102]
ERROR: [Synth 8-349] instance 'e10_0' of module 'evolve5' passed 10 connections, but takes just 7 [C:/Users/verilla/Desktop/CodingFRpt4/Project/SV/datapath.sv:102]
ERROR: [Synth 8-349] instance 'e10_0' of module 'evolve5' passed 10 connections, but takes just 7 [C:/Users/verilla/Desktop/CodingFRpt4/Project/SV/datapath.sv:102]
ERROR: [Synth 8-349] instance 'e11_0' of module 'evolve5' passed 10 connections, but takes just 7 [C:/Users/verilla/Desktop/CodingFRpt4/Project/SV/datapath.sv:111]
ERROR: [Synth 8-349] instance 'e11_0' of module 'evolve5' passed 10 connections, but takes just 7 [C:/Users/verilla/Desktop/CodingFRpt4/Project/SV/datapath.sv:111]
ERROR: [Synth 8-349] instance 'e11_0' of module 'evolve5' passed 10 connections, but takes just 7 [C:/Users/verilla/Desktop/CodingFRpt4/Project/SV/datapath.sv:111]
ERROR: [Synth 8-349] instance 'e12_0' of module 'evolve5' passed 10 connections, but takes just 7 [C:/Users/verilla/Desktop/CodingFRpt4/Project/SV/datapath.sv:120]
ERROR: [Synth 8-349] instance 'e12_0' of module 'evolve5' passed 10 connections, but takes just 7 [C:/Users/verilla/Desktop/CodingFRpt4/Project/SV/datapath.sv:120]
ERROR: [Synth 8-349] instance 'e12_0' of module 'evolve5' passed 10 connections, but takes just 7 [C:/Users/verilla/Desktop/CodingFRpt4/Project/SV/datapath.sv:120]
WARNING: [Synth 8-7071] port 'current_state' of module 'evolve8' is unconnected for instance 'e12_6' [C:/Users/verilla/Desktop/CodingFRpt4/Project/SV/datapath.sv:126]
WARNING: [Synth 8-7023] instance 'e12_6' of module 'evolve8' has 10 connections declared, but only 9 given [C:/Users/verilla/Desktop/CodingFRpt4/Project/SV/datapath.sv:126]
WARNING: [Synth 8-7071] port 'vector7' of module 'evolve8' is unconnected for instance 'e12_7' [C:/Users/verilla/Desktop/CodingFRpt4/Project/SV/datapath.sv:127]
WARNING: [Synth 8-7071] port 'vector8' of module 'evolve8' is unconnected for instance 'e12_7' [C:/Users/verilla/Desktop/CodingFRpt4/Project/SV/datapath.sv:127]
WARNING: [Synth 8-7071] port 'current_state' of module 'evolve8' is unconnected for instance 'e12_7' [C:/Users/verilla/Desktop/CodingFRpt4/Project/SV/datapath.sv:127]
WARNING: [Synth 8-7023] instance 'e12_7' of module 'evolve8' has 10 connections declared, but only 7 given [C:/Users/verilla/Desktop/CodingFRpt4/Project/SV/datapath.sv:127]
ERROR: [Synth 8-349] instance 'e13_1' of module 'evolve5' passed 10 connections, but takes just 7 [C:/Users/verilla/Desktop/CodingFRpt4/Project/SV/datapath.sv:130]
ERROR: [Synth 8-349] instance 'e13_1' of module 'evolve5' passed 10 connections, but takes just 7 [C:/Users/verilla/Desktop/CodingFRpt4/Project/SV/datapath.sv:130]
ERROR: [Synth 8-349] instance 'e13_1' of module 'evolve5' passed 10 connections, but takes just 7 [C:/Users/verilla/Desktop/CodingFRpt4/Project/SV/datapath.sv:130]
ERROR: [Synth 8-349] instance 'e13_2' of module 'evolve5' passed 10 connections, but takes just 7 [C:/Users/verilla/Desktop/CodingFRpt4/Project/SV/datapath.sv:131]
ERROR: [Synth 8-349] instance 'e13_2' of module 'evolve5' passed 10 connections, but takes just 7 [C:/Users/verilla/Desktop/CodingFRpt4/Project/SV/datapath.sv:131]
ERROR: [Synth 8-349] instance 'e13_2' of module 'evolve5' passed 10 connections, but takes just 7 [C:/Users/verilla/Desktop/CodingFRpt4/Project/SV/datapath.sv:131]
ERROR: [Synth 8-349] instance 'e13_3' of module 'evolve5' passed 10 connections, but takes just 7 [C:/Users/verilla/Desktop/CodingFRpt4/Project/SV/datapath.sv:132]
ERROR: [Synth 8-349] instance 'e13_3' of module 'evolve5' passed 10 connections, but takes just 7 [C:/Users/verilla/Desktop/CodingFRpt4/Project/SV/datapath.sv:132]
ERROR: [Synth 8-349] instance 'e13_3' of module 'evolve5' passed 10 connections, but takes just 7 [C:/Users/verilla/Desktop/CodingFRpt4/Project/SV/datapath.sv:132]
ERROR: [Synth 8-349] instance 'e13_4' of module 'evolve5' passed 10 connections, but takes just 7 [C:/Users/verilla/Desktop/CodingFRpt4/Project/SV/datapath.sv:133]
ERROR: [Synth 8-349] instance 'e13_4' of module 'evolve5' passed 10 connections, but takes just 7 [C:/Users/verilla/Desktop/CodingFRpt4/Project/SV/datapath.sv:133]
ERROR: [Synth 8-349] instance 'e13_4' of module 'evolve5' passed 10 connections, but takes just 7 [C:/Users/verilla/Desktop/CodingFRpt4/Project/SV/datapath.sv:133]
ERROR: [Synth 8-349] instance 'e13_5' of module 'evolve5' passed 10 connections, but takes just 7 [C:/Users/verilla/Desktop/CodingFRpt4/Project/SV/datapath.sv:134]
ERROR: [Synth 8-349] instance 'e13_5' of module 'evolve5' passed 10 connections, but takes just 7 [C:/Users/verilla/Desktop/CodingFRpt4/Project/SV/datapath.sv:134]
ERROR: [Synth 8-349] instance 'e13_5' of module 'evolve5' passed 10 connections, but takes just 7 [C:/Users/verilla/Desktop/CodingFRpt4/Project/SV/datapath.sv:134]
ERROR: [Synth 8-349] instance 'e13_6' of module 'evolve5' passed 10 connections, but takes just 7 [C:/Users/verilla/Desktop/CodingFRpt4/Project/SV/datapath.sv:135]
ERROR: [Synth 8-349] instance 'e13_6' of module 'evolve5' passed 10 connections, but takes just 7 [C:/Users/verilla/Desktop/CodingFRpt4/Project/SV/datapath.sv:135]
ERROR: [Synth 8-349] instance 'e13_6' of module 'evolve5' passed 10 connections, but takes just 7 [C:/Users/verilla/Desktop/CodingFRpt4/Project/SV/datapath.sv:135]
ERROR: [Synth 8-349] instance 'e14_1' of module 'evolve5' passed 10 connections, but takes just 7 [C:/Users/verilla/Desktop/CodingFRpt4/Project/SV/datapath.sv:139]
ERROR: [Synth 8-349] instance 'e14_1' of module 'evolve5' passed 10 connections, but takes just 7 [C:/Users/verilla/Desktop/CodingFRpt4/Project/SV/datapath.sv:139]
ERROR: [Synth 8-349] instance 'e14_1' of module 'evolve5' passed 10 connections, but takes just 7 [C:/Users/verilla/Desktop/CodingFRpt4/Project/SV/datapath.sv:139]
ERROR: [Synth 8-349] instance 'e14_2' of module 'evolve5' passed 10 connections, but takes just 7 [C:/Users/verilla/Desktop/CodingFRpt4/Project/SV/datapath.sv:140]
ERROR: [Synth 8-349] instance 'e14_2' of module 'evolve5' passed 10 connections, but takes just 7 [C:/Users/verilla/Desktop/CodingFRpt4/Project/SV/datapath.sv:140]
ERROR: [Synth 8-349] instance 'e14_2' of module 'evolve5' passed 10 connections, but takes just 7 [C:/Users/verilla/Desktop/CodingFRpt4/Project/SV/datapath.sv:140]
ERROR: [Synth 8-349] instance 'e14_3' of module 'evolve5' passed 10 connections, but takes just 7 [C:/Users/verilla/Desktop/CodingFRpt4/Project/SV/datapath.sv:141]
ERROR: [Synth 8-349] instance 'e14_3' of module 'evolve5' passed 10 connections, but takes just 7 [C:/Users/verilla/Desktop/CodingFRpt4/Project/SV/datapath.sv:141]
ERROR: [Synth 8-349] instance 'e14_3' of module 'evolve5' passed 10 connections, but takes just 7 [C:/Users/verilla/Desktop/CodingFRpt4/Project/SV/datapath.sv:141]
ERROR: [Synth 8-349] instance 'e14_4' of module 'evolve5' passed 10 connections, but takes just 7 [C:/Users/verilla/Desktop/CodingFRpt4/Project/SV/datapath.sv:142]
ERROR: [Synth 8-349] instance 'e14_4' of module 'evolve5' passed 10 connections, but takes just 7 [C:/Users/verilla/Desktop/CodingFRpt4/Project/SV/datapath.sv:142]
ERROR: [Synth 8-349] instance 'e14_4' of module 'evolve5' passed 10 connections, but takes just 7 [C:/Users/verilla/Desktop/CodingFRpt4/Project/SV/datapath.sv:142]
ERROR: [Synth 8-349] instance 'e14_5' of module 'evolve5' passed 10 connections, but takes just 7 [C:/Users/verilla/Desktop/CodingFRpt4/Project/SV/datapath.sv:143]
ERROR: [Synth 8-349] instance 'e14_5' of module 'evolve5' passed 10 connections, but takes just 7 [C:/Users/verilla/Desktop/CodingFRpt4/Project/SV/datapath.sv:143]
ERROR: [Synth 8-349] instance 'e14_5' of module 'evolve5' passed 10 connections, but takes just 7 [C:/Users/verilla/Desktop/CodingFRpt4/Project/SV/datapath.sv:143]
ERROR: [Synth 8-349] instance 'e14_6' of module 'evolve5' passed 10 connections, but takes just 7 [C:/Users/verilla/Desktop/CodingFRpt4/Project/SV/datapath.sv:144]
ERROR: [Synth 8-349] instance 'e14_6' of module 'evolve5' passed 10 connections, but takes just 7 [C:/Users/verilla/Desktop/CodingFRpt4/Project/SV/datapath.sv:144]
ERROR: [Synth 8-349] instance 'e14_6' of module 'evolve5' passed 10 connections, but takes just 7 [C:/Users/verilla/Desktop/CodingFRpt4/Project/SV/datapath.sv:144]
WARNING: [Synth 8-324] index 256 out of range [C:/Users/verilla/Desktop/CodingFRpt4/Project/SV/datapath.sv:282]
WARNING: [Synth 8-324] index 257 out of range [C:/Users/verilla/Desktop/CodingFRpt4/Project/SV/datapath.sv:282]
WARNING: [Synth 8-324] index 256 out of range [C:/Users/verilla/Desktop/CodingFRpt4/Project/SV/datapath.sv:283]
WARNING: [Synth 8-324] index 257 out of range [C:/Users/verilla/Desktop/CodingFRpt4/Project/SV/datapath.sv:283]
WARNING: [Synth 8-324] index 258 out of range [C:/Users/verilla/Desktop/CodingFRpt4/Project/SV/datapath.sv:283]
WARNING: [Synth 8-324] index 257 out of range [C:/Users/verilla/Desktop/CodingFRpt4/Project/SV/datapath.sv:284]
WARNING: [Synth 8-324] index 258 out of range [C:/Users/verilla/Desktop/CodingFRpt4/Project/SV/datapath.sv:284]
WARNING: [Synth 8-324] index 259 out of range [C:/Users/verilla/Desktop/CodingFRpt4/Project/SV/datapath.sv:284]
WARNING: [Synth 8-324] index 258 out of range [C:/Users/verilla/Desktop/CodingFRpt4/Project/SV/datapath.sv:285]
WARNING: [Synth 8-324] index 259 out of range [C:/Users/verilla/Desktop/CodingFRpt4/Project/SV/datapath.sv:285]
WARNING: [Synth 8-324] index 260 out of range [C:/Users/verilla/Desktop/CodingFRpt4/Project/SV/datapath.sv:285]
WARNING: [Synth 8-324] index 259 out of range [C:/Users/verilla/Desktop/CodingFRpt4/Project/SV/datapath.sv:286]
WARNING: [Synth 8-324] index 260 out of range [C:/Users/verilla/Desktop/CodingFRpt4/Project/SV/datapath.sv:286]
WARNING: [Synth 8-324] index 261 out of range [C:/Users/verilla/Desktop/CodingFRpt4/Project/SV/datapath.sv:286]
WARNING: [Synth 8-324] index 260 out of range [C:/Users/verilla/Desktop/CodingFRpt4/Project/SV/datapath.sv:287]
WARNING: [Synth 8-324] index 261 out of range [C:/Users/verilla/Desktop/CodingFRpt4/Project/SV/datapath.sv:287]
WARNING: [Synth 8-324] index 262 out of range [C:/Users/verilla/Desktop/CodingFRpt4/Project/SV/datapath.sv:287]
WARNING: [Synth 8-324] index 261 out of range [C:/Users/verilla/Desktop/CodingFRpt4/Project/SV/datapath.sv:288]
WARNING: [Synth 8-324] index 262 out of range [C:/Users/verilla/Desktop/CodingFRpt4/Project/SV/datapath.sv:288]
WARNING: [Synth 8-324] index 263 out of range [C:/Users/verilla/Desktop/CodingFRpt4/Project/SV/datapath.sv:288]
WARNING: [Synth 8-324] index 262 out of range [C:/Users/verilla/Desktop/CodingFRpt4/Project/SV/datapath.sv:289]
WARNING: [Synth 8-324] index 263 out of range [C:/Users/verilla/Desktop/CodingFRpt4/Project/SV/datapath.sv:289]
WARNING: [Synth 8-324] index 257 out of range [C:/Users/verilla/Desktop/CodingFRpt4/Project/SV/datapath.sv:291]
WARNING: [Synth 8-324] index 256 out of range [C:/Users/verilla/Desktop/CodingFRpt4/Project/SV/datapath.sv:292]
WARNING: [Synth 8-324] index 258 out of range [C:/Users/verilla/Desktop/CodingFRpt4/Project/SV/datapath.sv:292]
WARNING: [Synth 8-324] index 257 out of range [C:/Users/verilla/Desktop/CodingFRpt4/Project/SV/datapath.sv:293]
WARNING: [Synth 8-324] index 259 out of range [C:/Users/verilla/Desktop/CodingFRpt4/Project/SV/datapath.sv:293]
WARNING: [Synth 8-324] index 258 out of range [C:/Users/verilla/Desktop/CodingFRpt4/Project/SV/datapath.sv:294]
WARNING: [Synth 8-324] index 260 out of range [C:/Users/verilla/Desktop/CodingFRpt4/Project/SV/datapath.sv:294]
WARNING: [Synth 8-324] index 259 out of range [C:/Users/verilla/Desktop/CodingFRpt4/Project/SV/datapath.sv:295]
WARNING: [Synth 8-324] index 261 out of range [C:/Users/verilla/Desktop/CodingFRpt4/Project/SV/datapath.sv:295]
WARNING: [Synth 8-324] index 260 out of range [C:/Users/verilla/Desktop/CodingFRpt4/Project/SV/datapath.sv:296]
WARNING: [Synth 8-324] index 262 out of range [C:/Users/verilla/Desktop/CodingFRpt4/Project/SV/datapath.sv:296]
WARNING: [Synth 8-324] index 261 out of range [C:/Users/verilla/Desktop/CodingFRpt4/Project/SV/datapath.sv:297]
WARNING: [Synth 8-324] index 263 out of range [C:/Users/verilla/Desktop/CodingFRpt4/Project/SV/datapath.sv:297]
WARNING: [Synth 8-324] index 262 out of range [C:/Users/verilla/Desktop/CodingFRpt4/Project/SV/datapath.sv:298]
ERROR: [Synth 8-6156] failed synthesizing module 'datapath' [C:/Users/verilla/Desktop/CodingFRpt4/Project/SV/datapath.sv:7]
ERROR: [Synth 8-6156] failed synthesizing module 'New_Datapath' [C:/Users/verilla/Desktop/CodingFRpt4/Project/SV/datapath.sv:376]
ERROR: [Synth 8-6156] failed synthesizing module 'top_demo' [C:/Users/verilla/Desktop/CodingFRpt4/Project/Vivado/Project/Project.srcs/sources_1/new/top_demo.sv:23]
---------------------------------------------------------------------------------
Finished RTL Elaboration : Time (s): cpu = 00:00:05 ; elapsed = 00:00:04 . Memory (MB): peak = 3345.766 ; gain = 19.922
---------------------------------------------------------------------------------
RTL Elaboration failed
20 Infos, 49 Warnings, 0 Critical Warnings and 70 Errors encountered.
synth_design failed
ERROR: [Vivado_Tcl 4-5] Elaboration failed - please see the console for details
synth_design -rtl -rtl_skip_mlo -name rtl_1
Command: synth_design -rtl -rtl_skip_mlo -name rtl_1
Starting synth_design
Using part: xc7z020clg484-1
Top: top_demo
WARNING: [Synth 8-11014] non-net output port 'clk_audio_counter_wrap' cannot be initialized at declaration in SystemVerilog mode [C:/Users/verilla/Desktop/CodingFRpt4/Project/Vivado/Project/Project.srcs/sources_1/imports/dldfall22proj/ProjectHDMI/hdmi_working/audio_clock_regeneration_packet.sv:13]
INFO: [Synth 8-11241] undeclared symbol 'en', assumed default net type 'wire' [C:/Users/verilla/Desktop/CodingFRpt4/Project/SV/datapath.sv:383]
INFO: [Synth 8-11241] undeclared symbol 'rst', assumed default net type 'wire' [C:/Users/verilla/Desktop/CodingFRpt4/Project/SV/datapath.sv:383]
INFO: [Synth 8-11241] undeclared symbol 'outputY', assumed default net type 'wire' [C:/Users/verilla/Desktop/CodingFRpt4/Project/SV/datapath.sv:384]
WARNING: [Synth 8-11014] non-net output port 'cx' cannot be initialized at declaration in SystemVerilog mode [C:/Users/verilla/Desktop/CodingFRpt4/Project/Vivado/Project/Project.srcs/sources_1/imports/dldfall22proj/ProjectHDMI/hdmi_working/hdmi.sv:81]
WARNING: [Synth 8-11014] non-net output port 'cy' cannot be initialized at declaration in SystemVerilog mode [C:/Users/verilla/Desktop/CodingFRpt4/Project/Vivado/Project/Project.srcs/sources_1/imports/dldfall22proj/ProjectHDMI/hdmi_working/hdmi.sv:82]
WARNING: [Synth 8-11014] non-net output port 'counter' cannot be initialized at declaration in SystemVerilog mode [C:/Users/verilla/Desktop/CodingFRpt4/Project/Vivado/Project/Project.srcs/sources_1/imports/dldfall22proj/ProjectHDMI/hdmi_working/packet_assembler.sv:11]
WARNING: [Synth 8-9661] initial value of parameter 'VIDEO_RATE' is omitted [C:/Users/verilla/Desktop/CodingFRpt4/Project/Vivado/Project/Project.srcs/sources_1/imports/dldfall22proj/ProjectHDMI/hdmi_working/serializer.sv:4]
WARNING: [Synth 8-11014] non-net output port 'tmds' cannot be initialized at declaration in SystemVerilog mode [C:/Users/verilla/Desktop/CodingFRpt4/Project/Vivado/Project/Project.srcs/sources_1/imports/dldfall22proj/ProjectHDMI/hdmi_working/tmds_channel.sv:16]
INFO: [Synth 8-11241] undeclared symbol 'n2', assumed default net type 'wire' [C:/Users/verilla/Desktop/CodingFRpt4/Project/Vivado/Project/Project.srcs/sources_1/new/top_demo.sv:66]
---------------------------------------------------------------------------------
Starting RTL Elaboration : Time (s): cpu = 00:00:03 ; elapsed = 00:00:03 . Memory (MB): peak = 3357.934 ; gain = 12.168
---------------------------------------------------------------------------------
INFO: [Synth 8-6157] synthesizing module 'top_demo' [C:/Users/verilla/Desktop/CodingFRpt4/Project/Vivado/Project/Project.srcs/sources_1/new/top_demo.sv:23]
INFO: [Synth 8-6157] synthesizing module 'New_Datapath' [C:/Users/verilla/Desktop/CodingFRpt4/Project/SV/datapath.sv:376]
INFO: [Synth 8-6157] synthesizing module 'FSM' [C:/Users/verilla/Desktop/CodingFRpt4/Project/SV/FSM.sv:3]
INFO: [Synth 8-155] case statement is not full and has no default [C:/Users/verilla/Desktop/CodingFRpt4/Project/SV/FSM.sv:16]
INFO: [Synth 8-6155] done synthesizing module 'FSM' (0#1) [C:/Users/verilla/Desktop/CodingFRpt4/Project/SV/FSM.sv:3]
INFO: [Synth 8-6157] synthesizing module 'mux2' [C:/Users/verilla/Desktop/CodingFRpt4/Project/SV/mux.sv:29]
	Parameter WIDTH bound to: 256 - type: integer 
INFO: [Synth 8-6155] done synthesizing module 'mux2' (0#1) [C:/Users/verilla/Desktop/CodingFRpt4/Project/SV/mux.sv:29]
WARNING: [Synth 8-689] width (1) of port connection 'y' does not match port width (256) of module 'mux2' [C:/Users/verilla/Desktop/CodingFRpt4/Project/SV/datapath.sv:384]
INFO: [Synth 8-6157] synthesizing module 'datapath' [C:/Users/verilla/Desktop/CodingFRpt4/Project/SV/datapath.sv:7]
INFO: [Synth 8-6157] synthesizing module 'evolve3' [C:/Users/verilla/Desktop/CodingFRpt4/Project/SV/datapath.sv:307]
INFO: [Synth 8-6157] synthesizing module 'rules' [C:/Users/verilla/Desktop/CodingFRpt4/Project/SV/datapath.sv:366]
INFO: [Synth 8-6155] done synthesizing module 'rules' (0#1) [C:/Users/verilla/Desktop/CodingFRpt4/Project/SV/datapath.sv:366]
INFO: [Synth 8-6155] done synthesizing module 'evolve3' (0#1) [C:/Users/verilla/Desktop/CodingFRpt4/Project/SV/datapath.sv:307]
INFO: [Synth 8-6157] synthesizing module 'evolve5' [C:/Users/verilla/Desktop/CodingFRpt4/Project/SV/datapath.sv:322]
INFO: [Synth 8-6155] done synthesizing module 'evolve5' (0#1) [C:/Users/verilla/Desktop/CodingFRpt4/Project/SV/datapath.sv:322]
INFO: [Synth 8-6157] synthesizing module 'evolve8' [C:/Users/verilla/Desktop/CodingFRpt4/Project/SV/datapath.sv:341]
INFO: [Synth 8-6155] done synthesizing module 'evolve8' (0#1) [C:/Users/verilla/Desktop/CodingFRpt4/Project/SV/datapath.sv:341]
ERROR: [Synth 8-349] instance 'e8_1' of module 'evolve5' passed 10 connections, but takes just 7 [C:/Users/verilla/Desktop/CodingFRpt4/Project/SV/datapath.sv:85]
ERROR: [Synth 8-349] instance 'e8_1' of module 'evolve5' passed 10 connections, but takes just 7 [C:/Users/verilla/Desktop/CodingFRpt4/Project/SV/datapath.sv:85]
ERROR: [Synth 8-349] instance 'e8_1' of module 'evolve5' passed 10 connections, but takes just 7 [C:/Users/verilla/Desktop/CodingFRpt4/Project/SV/datapath.sv:85]
ERROR: [Synth 8-349] instance 'e8_2' of module 'evolve5' passed 10 connections, but takes just 7 [C:/Users/verilla/Desktop/CodingFRpt4/Project/SV/datapath.sv:86]
ERROR: [Synth 8-349] instance 'e8_2' of module 'evolve5' passed 10 connections, but takes just 7 [C:/Users/verilla/Desktop/CodingFRpt4/Project/SV/datapath.sv:86]
ERROR: [Synth 8-349] instance 'e8_2' of module 'evolve5' passed 10 connections, but takes just 7 [C:/Users/verilla/Desktop/CodingFRpt4/Project/SV/datapath.sv:86]
ERROR: [Synth 8-349] instance 'e8_3' of module 'evolve5' passed 10 connections, but takes just 7 [C:/Users/verilla/Desktop/CodingFRpt4/Project/SV/datapath.sv:87]
ERROR: [Synth 8-349] instance 'e8_3' of module 'evolve5' passed 10 connections, but takes just 7 [C:/Users/verilla/Desktop/CodingFRpt4/Project/SV/datapath.sv:87]
ERROR: [Synth 8-349] instance 'e8_3' of module 'evolve5' passed 10 connections, but takes just 7 [C:/Users/verilla/Desktop/CodingFRpt4/Project/SV/datapath.sv:87]
ERROR: [Synth 8-349] instance 'e8_4' of module 'evolve5' passed 10 connections, but takes just 7 [C:/Users/verilla/Desktop/CodingFRpt4/Project/SV/datapath.sv:88]
ERROR: [Synth 8-349] instance 'e8_4' of module 'evolve5' passed 10 connections, but takes just 7 [C:/Users/verilla/Desktop/CodingFRpt4/Project/SV/datapath.sv:88]
ERROR: [Synth 8-349] instance 'e8_4' of module 'evolve5' passed 10 connections, but takes just 7 [C:/Users/verilla/Desktop/CodingFRpt4/Project/SV/datapath.sv:88]
ERROR: [Synth 8-349] instance 'e8_5' of module 'evolve5' passed 10 connections, but takes just 7 [C:/Users/verilla/Desktop/CodingFRpt4/Project/SV/datapath.sv:89]
ERROR: [Synth 8-349] instance 'e8_5' of module 'evolve5' passed 10 connections, but takes just 7 [C:/Users/verilla/Desktop/CodingFRpt4/Project/SV/datapath.sv:89]
ERROR: [Synth 8-349] instance 'e8_5' of module 'evolve5' passed 10 connections, but takes just 7 [C:/Users/verilla/Desktop/CodingFRpt4/Project/SV/datapath.sv:89]
ERROR: [Synth 8-349] instance 'e8_6' of module 'evolve5' passed 10 connections, but takes just 7 [C:/Users/verilla/Desktop/CodingFRpt4/Project/SV/datapath.sv:90]
ERROR: [Synth 8-349] instance 'e8_6' of module 'evolve5' passed 10 connections, but takes just 7 [C:/Users/verilla/Desktop/CodingFRpt4/Project/SV/datapath.sv:90]
ERROR: [Synth 8-349] instance 'e8_6' of module 'evolve5' passed 10 connections, but takes just 7 [C:/Users/verilla/Desktop/CodingFRpt4/Project/SV/datapath.sv:90]
ERROR: [Synth 8-349] instance 'e9_0' of module 'evolve5' passed 10 connections, but takes just 7 [C:/Users/verilla/Desktop/CodingFRpt4/Project/SV/datapath.sv:93]
ERROR: [Synth 8-349] instance 'e9_0' of module 'evolve5' passed 10 connections, but takes just 7 [C:/Users/verilla/Desktop/CodingFRpt4/Project/SV/datapath.sv:93]
ERROR: [Synth 8-349] instance 'e9_0' of module 'evolve5' passed 10 connections, but takes just 7 [C:/Users/verilla/Desktop/CodingFRpt4/Project/SV/datapath.sv:93]
ERROR: [Synth 8-349] instance 'e10_0' of module 'evolve5' passed 10 connections, but takes just 7 [C:/Users/verilla/Desktop/CodingFRpt4/Project/SV/datapath.sv:102]
ERROR: [Synth 8-349] instance 'e10_0' of module 'evolve5' passed 10 connections, but takes just 7 [C:/Users/verilla/Desktop/CodingFRpt4/Project/SV/datapath.sv:102]
ERROR: [Synth 8-349] instance 'e10_0' of module 'evolve5' passed 10 connections, but takes just 7 [C:/Users/verilla/Desktop/CodingFRpt4/Project/SV/datapath.sv:102]
ERROR: [Synth 8-349] instance 'e11_0' of module 'evolve5' passed 10 connections, but takes just 7 [C:/Users/verilla/Desktop/CodingFRpt4/Project/SV/datapath.sv:111]
ERROR: [Synth 8-349] instance 'e11_0' of module 'evolve5' passed 10 connections, but takes just 7 [C:/Users/verilla/Desktop/CodingFRpt4/Project/SV/datapath.sv:111]
ERROR: [Synth 8-349] instance 'e11_0' of module 'evolve5' passed 10 connections, but takes just 7 [C:/Users/verilla/Desktop/CodingFRpt4/Project/SV/datapath.sv:111]
ERROR: [Synth 8-349] instance 'e12_0' of module 'evolve5' passed 10 connections, but takes just 7 [C:/Users/verilla/Desktop/CodingFRpt4/Project/SV/datapath.sv:120]
ERROR: [Synth 8-349] instance 'e12_0' of module 'evolve5' passed 10 connections, but takes just 7 [C:/Users/verilla/Desktop/CodingFRpt4/Project/SV/datapath.sv:120]
ERROR: [Synth 8-349] instance 'e12_0' of module 'evolve5' passed 10 connections, but takes just 7 [C:/Users/verilla/Desktop/CodingFRpt4/Project/SV/datapath.sv:120]
WARNING: [Synth 8-7071] port 'current_state' of module 'evolve8' is unconnected for instance 'e12_6' [C:/Users/verilla/Desktop/CodingFRpt4/Project/SV/datapath.sv:126]
WARNING: [Synth 8-7023] instance 'e12_6' of module 'evolve8' has 10 connections declared, but only 9 given [C:/Users/verilla/Desktop/CodingFRpt4/Project/SV/datapath.sv:126]
WARNING: [Synth 8-7071] port 'vector7' of module 'evolve8' is unconnected for instance 'e12_7' [C:/Users/verilla/Desktop/CodingFRpt4/Project/SV/datapath.sv:127]
WARNING: [Synth 8-7071] port 'vector8' of module 'evolve8' is unconnected for instance 'e12_7' [C:/Users/verilla/Desktop/CodingFRpt4/Project/SV/datapath.sv:127]
WARNING: [Synth 8-7071] port 'current_state' of module 'evolve8' is unconnected for instance 'e12_7' [C:/Users/verilla/Desktop/CodingFRpt4/Project/SV/datapath.sv:127]
WARNING: [Synth 8-7023] instance 'e12_7' of module 'evolve8' has 10 connections declared, but only 7 given [C:/Users/verilla/Desktop/CodingFRpt4/Project/SV/datapath.sv:127]
ERROR: [Synth 8-349] instance 'e13_1' of module 'evolve5' passed 10 connections, but takes just 7 [C:/Users/verilla/Desktop/CodingFRpt4/Project/SV/datapath.sv:130]
ERROR: [Synth 8-349] instance 'e13_1' of module 'evolve5' passed 10 connections, but takes just 7 [C:/Users/verilla/Desktop/CodingFRpt4/Project/SV/datapath.sv:130]
ERROR: [Synth 8-349] instance 'e13_1' of module 'evolve5' passed 10 connections, but takes just 7 [C:/Users/verilla/Desktop/CodingFRpt4/Project/SV/datapath.sv:130]
ERROR: [Synth 8-349] instance 'e13_2' of module 'evolve5' passed 10 connections, but takes just 7 [C:/Users/verilla/Desktop/CodingFRpt4/Project/SV/datapath.sv:131]
ERROR: [Synth 8-349] instance 'e13_2' of module 'evolve5' passed 10 connections, but takes just 7 [C:/Users/verilla/Desktop/CodingFRpt4/Project/SV/datapath.sv:131]
ERROR: [Synth 8-349] instance 'e13_2' of module 'evolve5' passed 10 connections, but takes just 7 [C:/Users/verilla/Desktop/CodingFRpt4/Project/SV/datapath.sv:131]
ERROR: [Synth 8-349] instance 'e13_3' of module 'evolve5' passed 10 connections, but takes just 7 [C:/Users/verilla/Desktop/CodingFRpt4/Project/SV/datapath.sv:132]
ERROR: [Synth 8-349] instance 'e13_3' of module 'evolve5' passed 10 connections, but takes just 7 [C:/Users/verilla/Desktop/CodingFRpt4/Project/SV/datapath.sv:132]
ERROR: [Synth 8-349] instance 'e13_3' of module 'evolve5' passed 10 connections, but takes just 7 [C:/Users/verilla/Desktop/CodingFRpt4/Project/SV/datapath.sv:132]
ERROR: [Synth 8-349] instance 'e13_4' of module 'evolve5' passed 10 connections, but takes just 7 [C:/Users/verilla/Desktop/CodingFRpt4/Project/SV/datapath.sv:133]
ERROR: [Synth 8-349] instance 'e13_4' of module 'evolve5' passed 10 connections, but takes just 7 [C:/Users/verilla/Desktop/CodingFRpt4/Project/SV/datapath.sv:133]
ERROR: [Synth 8-349] instance 'e13_4' of module 'evolve5' passed 10 connections, but takes just 7 [C:/Users/verilla/Desktop/CodingFRpt4/Project/SV/datapath.sv:133]
ERROR: [Synth 8-349] instance 'e13_5' of module 'evolve5' passed 10 connections, but takes just 7 [C:/Users/verilla/Desktop/CodingFRpt4/Project/SV/datapath.sv:134]
ERROR: [Synth 8-349] instance 'e13_5' of module 'evolve5' passed 10 connections, but takes just 7 [C:/Users/verilla/Desktop/CodingFRpt4/Project/SV/datapath.sv:134]
ERROR: [Synth 8-349] instance 'e13_5' of module 'evolve5' passed 10 connections, but takes just 7 [C:/Users/verilla/Desktop/CodingFRpt4/Project/SV/datapath.sv:134]
ERROR: [Synth 8-349] instance 'e13_6' of module 'evolve5' passed 10 connections, but takes just 7 [C:/Users/verilla/Desktop/CodingFRpt4/Project/SV/datapath.sv:135]
ERROR: [Synth 8-349] instance 'e13_6' of module 'evolve5' passed 10 connections, but takes just 7 [C:/Users/verilla/Desktop/CodingFRpt4/Project/SV/datapath.sv:135]
ERROR: [Synth 8-349] instance 'e13_6' of module 'evolve5' passed 10 connections, but takes just 7 [C:/Users/verilla/Desktop/CodingFRpt4/Project/SV/datapath.sv:135]
ERROR: [Synth 8-349] instance 'e14_1' of module 'evolve5' passed 10 connections, but takes just 7 [C:/Users/verilla/Desktop/CodingFRpt4/Project/SV/datapath.sv:139]
ERROR: [Synth 8-349] instance 'e14_1' of module 'evolve5' passed 10 connections, but takes just 7 [C:/Users/verilla/Desktop/CodingFRpt4/Project/SV/datapath.sv:139]
ERROR: [Synth 8-349] instance 'e14_1' of module 'evolve5' passed 10 connections, but takes just 7 [C:/Users/verilla/Desktop/CodingFRpt4/Project/SV/datapath.sv:139]
ERROR: [Synth 8-349] instance 'e14_2' of module 'evolve5' passed 10 connections, but takes just 7 [C:/Users/verilla/Desktop/CodingFRpt4/Project/SV/datapath.sv:140]
ERROR: [Synth 8-349] instance 'e14_2' of module 'evolve5' passed 10 connections, but takes just 7 [C:/Users/verilla/Desktop/CodingFRpt4/Project/SV/datapath.sv:140]
ERROR: [Synth 8-349] instance 'e14_2' of module 'evolve5' passed 10 connections, but takes just 7 [C:/Users/verilla/Desktop/CodingFRpt4/Project/SV/datapath.sv:140]
ERROR: [Synth 8-349] instance 'e14_3' of module 'evolve5' passed 10 connections, but takes just 7 [C:/Users/verilla/Desktop/CodingFRpt4/Project/SV/datapath.sv:141]
ERROR: [Synth 8-349] instance 'e14_3' of module 'evolve5' passed 10 connections, but takes just 7 [C:/Users/verilla/Desktop/CodingFRpt4/Project/SV/datapath.sv:141]
ERROR: [Synth 8-349] instance 'e14_3' of module 'evolve5' passed 10 connections, but takes just 7 [C:/Users/verilla/Desktop/CodingFRpt4/Project/SV/datapath.sv:141]
ERROR: [Synth 8-349] instance 'e14_4' of module 'evolve5' passed 10 connections, but takes just 7 [C:/Users/verilla/Desktop/CodingFRpt4/Project/SV/datapath.sv:142]
ERROR: [Synth 8-349] instance 'e14_4' of module 'evolve5' passed 10 connections, but takes just 7 [C:/Users/verilla/Desktop/CodingFRpt4/Project/SV/datapath.sv:142]
ERROR: [Synth 8-349] instance 'e14_4' of module 'evolve5' passed 10 connections, but takes just 7 [C:/Users/verilla/Desktop/CodingFRpt4/Project/SV/datapath.sv:142]
ERROR: [Synth 8-349] instance 'e14_5' of module 'evolve5' passed 10 connections, but takes just 7 [C:/Users/verilla/Desktop/CodingFRpt4/Project/SV/datapath.sv:143]
ERROR: [Synth 8-349] instance 'e14_5' of module 'evolve5' passed 10 connections, but takes just 7 [C:/Users/verilla/Desktop/CodingFRpt4/Project/SV/datapath.sv:143]
ERROR: [Synth 8-349] instance 'e14_5' of module 'evolve5' passed 10 connections, but takes just 7 [C:/Users/verilla/Desktop/CodingFRpt4/Project/SV/datapath.sv:143]
ERROR: [Synth 8-349] instance 'e14_6' of module 'evolve5' passed 10 connections, but takes just 7 [C:/Users/verilla/Desktop/CodingFRpt4/Project/SV/datapath.sv:144]
ERROR: [Synth 8-349] instance 'e14_6' of module 'evolve5' passed 10 connections, but takes just 7 [C:/Users/verilla/Desktop/CodingFRpt4/Project/SV/datapath.sv:144]
ERROR: [Synth 8-349] instance 'e14_6' of module 'evolve5' passed 10 connections, but takes just 7 [C:/Users/verilla/Desktop/CodingFRpt4/Project/SV/datapath.sv:144]
WARNING: [Synth 8-324] index 256 out of range [C:/Users/verilla/Desktop/CodingFRpt4/Project/SV/datapath.sv:282]
WARNING: [Synth 8-324] index 257 out of range [C:/Users/verilla/Desktop/CodingFRpt4/Project/SV/datapath.sv:282]
WARNING: [Synth 8-324] index 256 out of range [C:/Users/verilla/Desktop/CodingFRpt4/Project/SV/datapath.sv:283]
WARNING: [Synth 8-324] index 257 out of range [C:/Users/verilla/Desktop/CodingFRpt4/Project/SV/datapath.sv:283]
WARNING: [Synth 8-324] index 258 out of range [C:/Users/verilla/Desktop/CodingFRpt4/Project/SV/datapath.sv:283]
WARNING: [Synth 8-324] index 257 out of range [C:/Users/verilla/Desktop/CodingFRpt4/Project/SV/datapath.sv:284]
WARNING: [Synth 8-324] index 258 out of range [C:/Users/verilla/Desktop/CodingFRpt4/Project/SV/datapath.sv:284]
WARNING: [Synth 8-324] index 259 out of range [C:/Users/verilla/Desktop/CodingFRpt4/Project/SV/datapath.sv:284]
WARNING: [Synth 8-324] index 258 out of range [C:/Users/verilla/Desktop/CodingFRpt4/Project/SV/datapath.sv:285]
WARNING: [Synth 8-324] index 259 out of range [C:/Users/verilla/Desktop/CodingFRpt4/Project/SV/datapath.sv:285]
WARNING: [Synth 8-324] index 260 out of range [C:/Users/verilla/Desktop/CodingFRpt4/Project/SV/datapath.sv:285]
WARNING: [Synth 8-324] index 259 out of range [C:/Users/verilla/Desktop/CodingFRpt4/Project/SV/datapath.sv:286]
WARNING: [Synth 8-324] index 260 out of range [C:/Users/verilla/Desktop/CodingFRpt4/Project/SV/datapath.sv:286]
WARNING: [Synth 8-324] index 261 out of range [C:/Users/verilla/Desktop/CodingFRpt4/Project/SV/datapath.sv:286]
WARNING: [Synth 8-324] index 260 out of range [C:/Users/verilla/Desktop/CodingFRpt4/Project/SV/datapath.sv:287]
WARNING: [Synth 8-324] index 261 out of range [C:/Users/verilla/Desktop/CodingFRpt4/Project/SV/datapath.sv:287]
WARNING: [Synth 8-324] index 262 out of range [C:/Users/verilla/Desktop/CodingFRpt4/Project/SV/datapath.sv:287]
WARNING: [Synth 8-324] index 261 out of range [C:/Users/verilla/Desktop/CodingFRpt4/Project/SV/datapath.sv:288]
WARNING: [Synth 8-324] index 262 out of range [C:/Users/verilla/Desktop/CodingFRpt4/Project/SV/datapath.sv:288]
WARNING: [Synth 8-324] index 263 out of range [C:/Users/verilla/Desktop/CodingFRpt4/Project/SV/datapath.sv:288]
WARNING: [Synth 8-324] index 262 out of range [C:/Users/verilla/Desktop/CodingFRpt4/Project/SV/datapath.sv:289]
WARNING: [Synth 8-324] index 263 out of range [C:/Users/verilla/Desktop/CodingFRpt4/Project/SV/datapath.sv:289]
WARNING: [Synth 8-324] index 257 out of range [C:/Users/verilla/Desktop/CodingFRpt4/Project/SV/datapath.sv:291]
WARNING: [Synth 8-324] index 256 out of range [C:/Users/verilla/Desktop/CodingFRpt4/Project/SV/datapath.sv:292]
WARNING: [Synth 8-324] index 258 out of range [C:/Users/verilla/Desktop/CodingFRpt4/Project/SV/datapath.sv:292]
WARNING: [Synth 8-324] index 257 out of range [C:/Users/verilla/Desktop/CodingFRpt4/Project/SV/datapath.sv:293]
WARNING: [Synth 8-324] index 259 out of range [C:/Users/verilla/Desktop/CodingFRpt4/Project/SV/datapath.sv:293]
WARNING: [Synth 8-324] index 258 out of range [C:/Users/verilla/Desktop/CodingFRpt4/Project/SV/datapath.sv:294]
WARNING: [Synth 8-324] index 260 out of range [C:/Users/verilla/Desktop/CodingFRpt4/Project/SV/datapath.sv:294]
WARNING: [Synth 8-324] index 259 out of range [C:/Users/verilla/Desktop/CodingFRpt4/Project/SV/datapath.sv:295]
WARNING: [Synth 8-324] index 261 out of range [C:/Users/verilla/Desktop/CodingFRpt4/Project/SV/datapath.sv:295]
WARNING: [Synth 8-324] index 260 out of range [C:/Users/verilla/Desktop/CodingFRpt4/Project/SV/datapath.sv:296]
WARNING: [Synth 8-324] index 262 out of range [C:/Users/verilla/Desktop/CodingFRpt4/Project/SV/datapath.sv:296]
WARNING: [Synth 8-324] index 261 out of range [C:/Users/verilla/Desktop/CodingFRpt4/Project/SV/datapath.sv:297]
WARNING: [Synth 8-324] index 263 out of range [C:/Users/verilla/Desktop/CodingFRpt4/Project/SV/datapath.sv:297]
WARNING: [Synth 8-324] index 262 out of range [C:/Users/verilla/Desktop/CodingFRpt4/Project/SV/datapath.sv:298]
ERROR: [Synth 8-6156] failed synthesizing module 'datapath' [C:/Users/verilla/Desktop/CodingFRpt4/Project/SV/datapath.sv:7]
ERROR: [Synth 8-6156] failed synthesizing module 'New_Datapath' [C:/Users/verilla/Desktop/CodingFRpt4/Project/SV/datapath.sv:376]
ERROR: [Synth 8-6156] failed synthesizing module 'top_demo' [C:/Users/verilla/Desktop/CodingFRpt4/Project/Vivado/Project/Project.srcs/sources_1/new/top_demo.sv:23]
---------------------------------------------------------------------------------
Finished RTL Elaboration : Time (s): cpu = 00:00:04 ; elapsed = 00:00:05 . Memory (MB): peak = 3357.934 ; gain = 12.168
---------------------------------------------------------------------------------
RTL Elaboration failed
20 Infos, 49 Warnings, 0 Critical Warnings and 70 Errors encountered.
synth_design failed
ERROR: [Vivado_Tcl 4-5] Elaboration failed - please see the console for details
synth_design -rtl -rtl_skip_mlo -name rtl_1
Command: synth_design -rtl -rtl_skip_mlo -name rtl_1
Starting synth_design
Using part: xc7z020clg484-1
Top: top_demo
WARNING: [Synth 8-11014] non-net output port 'clk_audio_counter_wrap' cannot be initialized at declaration in SystemVerilog mode [C:/Users/verilla/Desktop/CodingFRpt4/Project/Vivado/Project/Project.srcs/sources_1/imports/dldfall22proj/ProjectHDMI/hdmi_working/audio_clock_regeneration_packet.sv:13]
INFO: [Synth 8-11241] undeclared symbol 'en', assumed default net type 'wire' [C:/Users/verilla/Desktop/CodingFRpt4/Project/SV/datapath.sv:383]
INFO: [Synth 8-11241] undeclared symbol 'rst', assumed default net type 'wire' [C:/Users/verilla/Desktop/CodingFRpt4/Project/SV/datapath.sv:383]
INFO: [Synth 8-11241] undeclared symbol 'outputY', assumed default net type 'wire' [C:/Users/verilla/Desktop/CodingFRpt4/Project/SV/datapath.sv:384]
WARNING: [Synth 8-11014] non-net output port 'cx' cannot be initialized at declaration in SystemVerilog mode [C:/Users/verilla/Desktop/CodingFRpt4/Project/Vivado/Project/Project.srcs/sources_1/imports/dldfall22proj/ProjectHDMI/hdmi_working/hdmi.sv:81]
WARNING: [Synth 8-11014] non-net output port 'cy' cannot be initialized at declaration in SystemVerilog mode [C:/Users/verilla/Desktop/CodingFRpt4/Project/Vivado/Project/Project.srcs/sources_1/imports/dldfall22proj/ProjectHDMI/hdmi_working/hdmi.sv:82]
WARNING: [Synth 8-11014] non-net output port 'counter' cannot be initialized at declaration in SystemVerilog mode [C:/Users/verilla/Desktop/CodingFRpt4/Project/Vivado/Project/Project.srcs/sources_1/imports/dldfall22proj/ProjectHDMI/hdmi_working/packet_assembler.sv:11]
WARNING: [Synth 8-9661] initial value of parameter 'VIDEO_RATE' is omitted [C:/Users/verilla/Desktop/CodingFRpt4/Project/Vivado/Project/Project.srcs/sources_1/imports/dldfall22proj/ProjectHDMI/hdmi_working/serializer.sv:4]
WARNING: [Synth 8-11014] non-net output port 'tmds' cannot be initialized at declaration in SystemVerilog mode [C:/Users/verilla/Desktop/CodingFRpt4/Project/Vivado/Project/Project.srcs/sources_1/imports/dldfall22proj/ProjectHDMI/hdmi_working/tmds_channel.sv:16]
INFO: [Synth 8-11241] undeclared symbol 'n2', assumed default net type 'wire' [C:/Users/verilla/Desktop/CodingFRpt4/Project/Vivado/Project/Project.srcs/sources_1/new/top_demo.sv:66]
---------------------------------------------------------------------------------
Starting RTL Elaboration : Time (s): cpu = 00:00:04 ; elapsed = 00:00:04 . Memory (MB): peak = 3376.340 ; gain = 0.000
---------------------------------------------------------------------------------
INFO: [Synth 8-6157] synthesizing module 'top_demo' [C:/Users/verilla/Desktop/CodingFRpt4/Project/Vivado/Project/Project.srcs/sources_1/new/top_demo.sv:23]
INFO: [Synth 8-6157] synthesizing module 'New_Datapath' [C:/Users/verilla/Desktop/CodingFRpt4/Project/SV/datapath.sv:376]
INFO: [Synth 8-6157] synthesizing module 'FSM' [C:/Users/verilla/Desktop/CodingFRpt4/Project/SV/FSM.sv:3]
INFO: [Synth 8-155] case statement is not full and has no default [C:/Users/verilla/Desktop/CodingFRpt4/Project/SV/FSM.sv:16]
INFO: [Synth 8-6155] done synthesizing module 'FSM' (0#1) [C:/Users/verilla/Desktop/CodingFRpt4/Project/SV/FSM.sv:3]
INFO: [Synth 8-6157] synthesizing module 'mux2' [C:/Users/verilla/Desktop/CodingFRpt4/Project/SV/mux.sv:29]
	Parameter WIDTH bound to: 256 - type: integer 
INFO: [Synth 8-6155] done synthesizing module 'mux2' (0#1) [C:/Users/verilla/Desktop/CodingFRpt4/Project/SV/mux.sv:29]
WARNING: [Synth 8-689] width (1) of port connection 'y' does not match port width (256) of module 'mux2' [C:/Users/verilla/Desktop/CodingFRpt4/Project/SV/datapath.sv:384]
INFO: [Synth 8-6157] synthesizing module 'datapath' [C:/Users/verilla/Desktop/CodingFRpt4/Project/SV/datapath.sv:7]
INFO: [Synth 8-6157] synthesizing module 'evolve3' [C:/Users/verilla/Desktop/CodingFRpt4/Project/SV/datapath.sv:307]
INFO: [Synth 8-6157] synthesizing module 'rules' [C:/Users/verilla/Desktop/CodingFRpt4/Project/SV/datapath.sv:366]
INFO: [Synth 8-6155] done synthesizing module 'rules' (0#1) [C:/Users/verilla/Desktop/CodingFRpt4/Project/SV/datapath.sv:366]
INFO: [Synth 8-6155] done synthesizing module 'evolve3' (0#1) [C:/Users/verilla/Desktop/CodingFRpt4/Project/SV/datapath.sv:307]
INFO: [Synth 8-6157] synthesizing module 'evolve5' [C:/Users/verilla/Desktop/CodingFRpt4/Project/SV/datapath.sv:322]
INFO: [Synth 8-6155] done synthesizing module 'evolve5' (0#1) [C:/Users/verilla/Desktop/CodingFRpt4/Project/SV/datapath.sv:322]
INFO: [Synth 8-6157] synthesizing module 'evolve8' [C:/Users/verilla/Desktop/CodingFRpt4/Project/SV/datapath.sv:341]
INFO: [Synth 8-6155] done synthesizing module 'evolve8' (0#1) [C:/Users/verilla/Desktop/CodingFRpt4/Project/SV/datapath.sv:341]
ERROR: [Synth 8-349] instance 'e8_1' of module 'evolve5' passed 10 connections, but takes just 7 [C:/Users/verilla/Desktop/CodingFRpt4/Project/SV/datapath.sv:85]
ERROR: [Synth 8-349] instance 'e8_1' of module 'evolve5' passed 10 connections, but takes just 7 [C:/Users/verilla/Desktop/CodingFRpt4/Project/SV/datapath.sv:85]
ERROR: [Synth 8-349] instance 'e8_1' of module 'evolve5' passed 10 connections, but takes just 7 [C:/Users/verilla/Desktop/CodingFRpt4/Project/SV/datapath.sv:85]
ERROR: [Synth 8-349] instance 'e8_2' of module 'evolve5' passed 10 connections, but takes just 7 [C:/Users/verilla/Desktop/CodingFRpt4/Project/SV/datapath.sv:86]
ERROR: [Synth 8-349] instance 'e8_2' of module 'evolve5' passed 10 connections, but takes just 7 [C:/Users/verilla/Desktop/CodingFRpt4/Project/SV/datapath.sv:86]
ERROR: [Synth 8-349] instance 'e8_2' of module 'evolve5' passed 10 connections, but takes just 7 [C:/Users/verilla/Desktop/CodingFRpt4/Project/SV/datapath.sv:86]
ERROR: [Synth 8-349] instance 'e8_3' of module 'evolve5' passed 10 connections, but takes just 7 [C:/Users/verilla/Desktop/CodingFRpt4/Project/SV/datapath.sv:87]
ERROR: [Synth 8-349] instance 'e8_3' of module 'evolve5' passed 10 connections, but takes just 7 [C:/Users/verilla/Desktop/CodingFRpt4/Project/SV/datapath.sv:87]
ERROR: [Synth 8-349] instance 'e8_3' of module 'evolve5' passed 10 connections, but takes just 7 [C:/Users/verilla/Desktop/CodingFRpt4/Project/SV/datapath.sv:87]
ERROR: [Synth 8-349] instance 'e8_4' of module 'evolve5' passed 10 connections, but takes just 7 [C:/Users/verilla/Desktop/CodingFRpt4/Project/SV/datapath.sv:88]
ERROR: [Synth 8-349] instance 'e8_4' of module 'evolve5' passed 10 connections, but takes just 7 [C:/Users/verilla/Desktop/CodingFRpt4/Project/SV/datapath.sv:88]
ERROR: [Synth 8-349] instance 'e8_4' of module 'evolve5' passed 10 connections, but takes just 7 [C:/Users/verilla/Desktop/CodingFRpt4/Project/SV/datapath.sv:88]
ERROR: [Synth 8-349] instance 'e8_5' of module 'evolve5' passed 10 connections, but takes just 7 [C:/Users/verilla/Desktop/CodingFRpt4/Project/SV/datapath.sv:89]
ERROR: [Synth 8-349] instance 'e8_5' of module 'evolve5' passed 10 connections, but takes just 7 [C:/Users/verilla/Desktop/CodingFRpt4/Project/SV/datapath.sv:89]
ERROR: [Synth 8-349] instance 'e8_5' of module 'evolve5' passed 10 connections, but takes just 7 [C:/Users/verilla/Desktop/CodingFRpt4/Project/SV/datapath.sv:89]
ERROR: [Synth 8-349] instance 'e8_6' of module 'evolve5' passed 10 connections, but takes just 7 [C:/Users/verilla/Desktop/CodingFRpt4/Project/SV/datapath.sv:90]
ERROR: [Synth 8-349] instance 'e8_6' of module 'evolve5' passed 10 connections, but takes just 7 [C:/Users/verilla/Desktop/CodingFRpt4/Project/SV/datapath.sv:90]
ERROR: [Synth 8-349] instance 'e8_6' of module 'evolve5' passed 10 connections, but takes just 7 [C:/Users/verilla/Desktop/CodingFRpt4/Project/SV/datapath.sv:90]
ERROR: [Synth 8-349] instance 'e9_0' of module 'evolve5' passed 10 connections, but takes just 7 [C:/Users/verilla/Desktop/CodingFRpt4/Project/SV/datapath.sv:93]
ERROR: [Synth 8-349] instance 'e9_0' of module 'evolve5' passed 10 connections, but takes just 7 [C:/Users/verilla/Desktop/CodingFRpt4/Project/SV/datapath.sv:93]
ERROR: [Synth 8-349] instance 'e9_0' of module 'evolve5' passed 10 connections, but takes just 7 [C:/Users/verilla/Desktop/CodingFRpt4/Project/SV/datapath.sv:93]
ERROR: [Synth 8-349] instance 'e10_0' of module 'evolve5' passed 10 connections, but takes just 7 [C:/Users/verilla/Desktop/CodingFRpt4/Project/SV/datapath.sv:102]
ERROR: [Synth 8-349] instance 'e10_0' of module 'evolve5' passed 10 connections, but takes just 7 [C:/Users/verilla/Desktop/CodingFRpt4/Project/SV/datapath.sv:102]
ERROR: [Synth 8-349] instance 'e10_0' of module 'evolve5' passed 10 connections, but takes just 7 [C:/Users/verilla/Desktop/CodingFRpt4/Project/SV/datapath.sv:102]
ERROR: [Synth 8-349] instance 'e11_0' of module 'evolve5' passed 10 connections, but takes just 7 [C:/Users/verilla/Desktop/CodingFRpt4/Project/SV/datapath.sv:111]
ERROR: [Synth 8-349] instance 'e11_0' of module 'evolve5' passed 10 connections, but takes just 7 [C:/Users/verilla/Desktop/CodingFRpt4/Project/SV/datapath.sv:111]
ERROR: [Synth 8-349] instance 'e11_0' of module 'evolve5' passed 10 connections, but takes just 7 [C:/Users/verilla/Desktop/CodingFRpt4/Project/SV/datapath.sv:111]
ERROR: [Synth 8-349] instance 'e12_0' of module 'evolve5' passed 10 connections, but takes just 7 [C:/Users/verilla/Desktop/CodingFRpt4/Project/SV/datapath.sv:120]
ERROR: [Synth 8-349] instance 'e12_0' of module 'evolve5' passed 10 connections, but takes just 7 [C:/Users/verilla/Desktop/CodingFRpt4/Project/SV/datapath.sv:120]
ERROR: [Synth 8-349] instance 'e12_0' of module 'evolve5' passed 10 connections, but takes just 7 [C:/Users/verilla/Desktop/CodingFRpt4/Project/SV/datapath.sv:120]
WARNING: [Synth 8-7071] port 'current_state' of module 'evolve8' is unconnected for instance 'e12_6' [C:/Users/verilla/Desktop/CodingFRpt4/Project/SV/datapath.sv:126]
WARNING: [Synth 8-7023] instance 'e12_6' of module 'evolve8' has 10 connections declared, but only 9 given [C:/Users/verilla/Desktop/CodingFRpt4/Project/SV/datapath.sv:126]
WARNING: [Synth 8-7071] port 'vector7' of module 'evolve8' is unconnected for instance 'e12_7' [C:/Users/verilla/Desktop/CodingFRpt4/Project/SV/datapath.sv:127]
WARNING: [Synth 8-7071] port 'vector8' of module 'evolve8' is unconnected for instance 'e12_7' [C:/Users/verilla/Desktop/CodingFRpt4/Project/SV/datapath.sv:127]
WARNING: [Synth 8-7071] port 'current_state' of module 'evolve8' is unconnected for instance 'e12_7' [C:/Users/verilla/Desktop/CodingFRpt4/Project/SV/datapath.sv:127]
WARNING: [Synth 8-7023] instance 'e12_7' of module 'evolve8' has 10 connections declared, but only 7 given [C:/Users/verilla/Desktop/CodingFRpt4/Project/SV/datapath.sv:127]
ERROR: [Synth 8-349] instance 'e13_1' of module 'evolve5' passed 10 connections, but takes just 7 [C:/Users/verilla/Desktop/CodingFRpt4/Project/SV/datapath.sv:130]
ERROR: [Synth 8-349] instance 'e13_1' of module 'evolve5' passed 10 connections, but takes just 7 [C:/Users/verilla/Desktop/CodingFRpt4/Project/SV/datapath.sv:130]
ERROR: [Synth 8-349] instance 'e13_1' of module 'evolve5' passed 10 connections, but takes just 7 [C:/Users/verilla/Desktop/CodingFRpt4/Project/SV/datapath.sv:130]
ERROR: [Synth 8-349] instance 'e13_2' of module 'evolve5' passed 10 connections, but takes just 7 [C:/Users/verilla/Desktop/CodingFRpt4/Project/SV/datapath.sv:131]
ERROR: [Synth 8-349] instance 'e13_2' of module 'evolve5' passed 10 connections, but takes just 7 [C:/Users/verilla/Desktop/CodingFRpt4/Project/SV/datapath.sv:131]
ERROR: [Synth 8-349] instance 'e13_2' of module 'evolve5' passed 10 connections, but takes just 7 [C:/Users/verilla/Desktop/CodingFRpt4/Project/SV/datapath.sv:131]
ERROR: [Synth 8-349] instance 'e13_3' of module 'evolve5' passed 10 connections, but takes just 7 [C:/Users/verilla/Desktop/CodingFRpt4/Project/SV/datapath.sv:132]
ERROR: [Synth 8-349] instance 'e13_3' of module 'evolve5' passed 10 connections, but takes just 7 [C:/Users/verilla/Desktop/CodingFRpt4/Project/SV/datapath.sv:132]
ERROR: [Synth 8-349] instance 'e13_3' of module 'evolve5' passed 10 connections, but takes just 7 [C:/Users/verilla/Desktop/CodingFRpt4/Project/SV/datapath.sv:132]
ERROR: [Synth 8-349] instance 'e13_4' of module 'evolve5' passed 10 connections, but takes just 7 [C:/Users/verilla/Desktop/CodingFRpt4/Project/SV/datapath.sv:133]
ERROR: [Synth 8-349] instance 'e13_4' of module 'evolve5' passed 10 connections, but takes just 7 [C:/Users/verilla/Desktop/CodingFRpt4/Project/SV/datapath.sv:133]
ERROR: [Synth 8-349] instance 'e13_4' of module 'evolve5' passed 10 connections, but takes just 7 [C:/Users/verilla/Desktop/CodingFRpt4/Project/SV/datapath.sv:133]
ERROR: [Synth 8-349] instance 'e13_5' of module 'evolve5' passed 10 connections, but takes just 7 [C:/Users/verilla/Desktop/CodingFRpt4/Project/SV/datapath.sv:134]
ERROR: [Synth 8-349] instance 'e13_5' of module 'evolve5' passed 10 connections, but takes just 7 [C:/Users/verilla/Desktop/CodingFRpt4/Project/SV/datapath.sv:134]
ERROR: [Synth 8-349] instance 'e13_5' of module 'evolve5' passed 10 connections, but takes just 7 [C:/Users/verilla/Desktop/CodingFRpt4/Project/SV/datapath.sv:134]
ERROR: [Synth 8-349] instance 'e13_6' of module 'evolve5' passed 10 connections, but takes just 7 [C:/Users/verilla/Desktop/CodingFRpt4/Project/SV/datapath.sv:135]
ERROR: [Synth 8-349] instance 'e13_6' of module 'evolve5' passed 10 connections, but takes just 7 [C:/Users/verilla/Desktop/CodingFRpt4/Project/SV/datapath.sv:135]
ERROR: [Synth 8-349] instance 'e13_6' of module 'evolve5' passed 10 connections, but takes just 7 [C:/Users/verilla/Desktop/CodingFRpt4/Project/SV/datapath.sv:135]
ERROR: [Synth 8-349] instance 'e14_1' of module 'evolve5' passed 10 connections, but takes just 7 [C:/Users/verilla/Desktop/CodingFRpt4/Project/SV/datapath.sv:139]
ERROR: [Synth 8-349] instance 'e14_1' of module 'evolve5' passed 10 connections, but takes just 7 [C:/Users/verilla/Desktop/CodingFRpt4/Project/SV/datapath.sv:139]
ERROR: [Synth 8-349] instance 'e14_1' of module 'evolve5' passed 10 connections, but takes just 7 [C:/Users/verilla/Desktop/CodingFRpt4/Project/SV/datapath.sv:139]
ERROR: [Synth 8-349] instance 'e14_2' of module 'evolve5' passed 10 connections, but takes just 7 [C:/Users/verilla/Desktop/CodingFRpt4/Project/SV/datapath.sv:140]
ERROR: [Synth 8-349] instance 'e14_2' of module 'evolve5' passed 10 connections, but takes just 7 [C:/Users/verilla/Desktop/CodingFRpt4/Project/SV/datapath.sv:140]
ERROR: [Synth 8-349] instance 'e14_2' of module 'evolve5' passed 10 connections, but takes just 7 [C:/Users/verilla/Desktop/CodingFRpt4/Project/SV/datapath.sv:140]
ERROR: [Synth 8-349] instance 'e14_3' of module 'evolve5' passed 10 connections, but takes just 7 [C:/Users/verilla/Desktop/CodingFRpt4/Project/SV/datapath.sv:141]
ERROR: [Synth 8-349] instance 'e14_3' of module 'evolve5' passed 10 connections, but takes just 7 [C:/Users/verilla/Desktop/CodingFRpt4/Project/SV/datapath.sv:141]
ERROR: [Synth 8-349] instance 'e14_3' of module 'evolve5' passed 10 connections, but takes just 7 [C:/Users/verilla/Desktop/CodingFRpt4/Project/SV/datapath.sv:141]
ERROR: [Synth 8-349] instance 'e14_4' of module 'evolve5' passed 10 connections, but takes just 7 [C:/Users/verilla/Desktop/CodingFRpt4/Project/SV/datapath.sv:142]
ERROR: [Synth 8-349] instance 'e14_4' of module 'evolve5' passed 10 connections, but takes just 7 [C:/Users/verilla/Desktop/CodingFRpt4/Project/SV/datapath.sv:142]
ERROR: [Synth 8-349] instance 'e14_4' of module 'evolve5' passed 10 connections, but takes just 7 [C:/Users/verilla/Desktop/CodingFRpt4/Project/SV/datapath.sv:142]
ERROR: [Synth 8-349] instance 'e14_5' of module 'evolve5' passed 10 connections, but takes just 7 [C:/Users/verilla/Desktop/CodingFRpt4/Project/SV/datapath.sv:143]
ERROR: [Synth 8-349] instance 'e14_5' of module 'evolve5' passed 10 connections, but takes just 7 [C:/Users/verilla/Desktop/CodingFRpt4/Project/SV/datapath.sv:143]
ERROR: [Synth 8-349] instance 'e14_5' of module 'evolve5' passed 10 connections, but takes just 7 [C:/Users/verilla/Desktop/CodingFRpt4/Project/SV/datapath.sv:143]
ERROR: [Synth 8-349] instance 'e14_6' of module 'evolve5' passed 10 connections, but takes just 7 [C:/Users/verilla/Desktop/CodingFRpt4/Project/SV/datapath.sv:144]
ERROR: [Synth 8-349] instance 'e14_6' of module 'evolve5' passed 10 connections, but takes just 7 [C:/Users/verilla/Desktop/CodingFRpt4/Project/SV/datapath.sv:144]
ERROR: [Synth 8-349] instance 'e14_6' of module 'evolve5' passed 10 connections, but takes just 7 [C:/Users/verilla/Desktop/CodingFRpt4/Project/SV/datapath.sv:144]
WARNING: [Synth 8-324] index 256 out of range [C:/Users/verilla/Desktop/CodingFRpt4/Project/SV/datapath.sv:282]
WARNING: [Synth 8-324] index 257 out of range [C:/Users/verilla/Desktop/CodingFRpt4/Project/SV/datapath.sv:282]
WARNING: [Synth 8-324] index 256 out of range [C:/Users/verilla/Desktop/CodingFRpt4/Project/SV/datapath.sv:283]
WARNING: [Synth 8-324] index 257 out of range [C:/Users/verilla/Desktop/CodingFRpt4/Project/SV/datapath.sv:283]
WARNING: [Synth 8-324] index 258 out of range [C:/Users/verilla/Desktop/CodingFRpt4/Project/SV/datapath.sv:283]
WARNING: [Synth 8-324] index 257 out of range [C:/Users/verilla/Desktop/CodingFRpt4/Project/SV/datapath.sv:284]
WARNING: [Synth 8-324] index 258 out of range [C:/Users/verilla/Desktop/CodingFRpt4/Project/SV/datapath.sv:284]
WARNING: [Synth 8-324] index 259 out of range [C:/Users/verilla/Desktop/CodingFRpt4/Project/SV/datapath.sv:284]
WARNING: [Synth 8-324] index 258 out of range [C:/Users/verilla/Desktop/CodingFRpt4/Project/SV/datapath.sv:285]
WARNING: [Synth 8-324] index 259 out of range [C:/Users/verilla/Desktop/CodingFRpt4/Project/SV/datapath.sv:285]
WARNING: [Synth 8-324] index 260 out of range [C:/Users/verilla/Desktop/CodingFRpt4/Project/SV/datapath.sv:285]
WARNING: [Synth 8-324] index 259 out of range [C:/Users/verilla/Desktop/CodingFRpt4/Project/SV/datapath.sv:286]
WARNING: [Synth 8-324] index 260 out of range [C:/Users/verilla/Desktop/CodingFRpt4/Project/SV/datapath.sv:286]
WARNING: [Synth 8-324] index 261 out of range [C:/Users/verilla/Desktop/CodingFRpt4/Project/SV/datapath.sv:286]
WARNING: [Synth 8-324] index 260 out of range [C:/Users/verilla/Desktop/CodingFRpt4/Project/SV/datapath.sv:287]
WARNING: [Synth 8-324] index 261 out of range [C:/Users/verilla/Desktop/CodingFRpt4/Project/SV/datapath.sv:287]
WARNING: [Synth 8-324] index 262 out of range [C:/Users/verilla/Desktop/CodingFRpt4/Project/SV/datapath.sv:287]
WARNING: [Synth 8-324] index 261 out of range [C:/Users/verilla/Desktop/CodingFRpt4/Project/SV/datapath.sv:288]
WARNING: [Synth 8-324] index 262 out of range [C:/Users/verilla/Desktop/CodingFRpt4/Project/SV/datapath.sv:288]
WARNING: [Synth 8-324] index 263 out of range [C:/Users/verilla/Desktop/CodingFRpt4/Project/SV/datapath.sv:288]
WARNING: [Synth 8-324] index 262 out of range [C:/Users/verilla/Desktop/CodingFRpt4/Project/SV/datapath.sv:289]
WARNING: [Synth 8-324] index 263 out of range [C:/Users/verilla/Desktop/CodingFRpt4/Project/SV/datapath.sv:289]
WARNING: [Synth 8-324] index 257 out of range [C:/Users/verilla/Desktop/CodingFRpt4/Project/SV/datapath.sv:291]
WARNING: [Synth 8-324] index 256 out of range [C:/Users/verilla/Desktop/CodingFRpt4/Project/SV/datapath.sv:292]
WARNING: [Synth 8-324] index 258 out of range [C:/Users/verilla/Desktop/CodingFRpt4/Project/SV/datapath.sv:292]
WARNING: [Synth 8-324] index 257 out of range [C:/Users/verilla/Desktop/CodingFRpt4/Project/SV/datapath.sv:293]
WARNING: [Synth 8-324] index 259 out of range [C:/Users/verilla/Desktop/CodingFRpt4/Project/SV/datapath.sv:293]
WARNING: [Synth 8-324] index 258 out of range [C:/Users/verilla/Desktop/CodingFRpt4/Project/SV/datapath.sv:294]
WARNING: [Synth 8-324] index 260 out of range [C:/Users/verilla/Desktop/CodingFRpt4/Project/SV/datapath.sv:294]
WARNING: [Synth 8-324] index 259 out of range [C:/Users/verilla/Desktop/CodingFRpt4/Project/SV/datapath.sv:295]
WARNING: [Synth 8-324] index 261 out of range [C:/Users/verilla/Desktop/CodingFRpt4/Project/SV/datapath.sv:295]
WARNING: [Synth 8-324] index 260 out of range [C:/Users/verilla/Desktop/CodingFRpt4/Project/SV/datapath.sv:296]
WARNING: [Synth 8-324] index 262 out of range [C:/Users/verilla/Desktop/CodingFRpt4/Project/SV/datapath.sv:296]
WARNING: [Synth 8-324] index 261 out of range [C:/Users/verilla/Desktop/CodingFRpt4/Project/SV/datapath.sv:297]
WARNING: [Synth 8-324] index 263 out of range [C:/Users/verilla/Desktop/CodingFRpt4/Project/SV/datapath.sv:297]
WARNING: [Synth 8-324] index 262 out of range [C:/Users/verilla/Desktop/CodingFRpt4/Project/SV/datapath.sv:298]
ERROR: [Synth 8-6156] failed synthesizing module 'datapath' [C:/Users/verilla/Desktop/CodingFRpt4/Project/SV/datapath.sv:7]
ERROR: [Synth 8-6156] failed synthesizing module 'New_Datapath' [C:/Users/verilla/Desktop/CodingFRpt4/Project/SV/datapath.sv:376]
ERROR: [Synth 8-6156] failed synthesizing module 'top_demo' [C:/Users/verilla/Desktop/CodingFRpt4/Project/Vivado/Project/Project.srcs/sources_1/new/top_demo.sv:23]
---------------------------------------------------------------------------------
Finished RTL Elaboration : Time (s): cpu = 00:00:05 ; elapsed = 00:00:05 . Memory (MB): peak = 3376.340 ; gain = 0.000
---------------------------------------------------------------------------------
RTL Elaboration failed
20 Infos, 49 Warnings, 0 Critical Warnings and 70 Errors encountered.
synth_design failed
ERROR: [Vivado_Tcl 4-5] Elaboration failed - please see the console for details
exit
INFO: [Common 17-206] Exiting Vivado at Thu Dec  7 17:14:59 2023...
